#
# A fatal error has been detected by the Java Runtime Environment:
#
#  EXCEPTION_ACCESS_VIOLATION (0xc0000005) at pc=0x0000000064848813, pid=12720, tid=0x0000000000000d6c
#
# JRE version: OpenJDK Runtime Environment (8.0_242-b08) (build 1.8.0_242-b08)
# Java VM: OpenJDK 64-Bit Server VM (25.242-b08 mixed mode windows-amd64 compressed oops)
# Problematic frame:
# V  [jvm.dll+0x4a8813]
#
# Failed to write core dump. Minidumps are not enabled by default on client versions of Windows
#
# If you would like to submit a bug report, please visit:
#   
#

---------------  T H R E A D  ---------------

Current thread (0x0000000021fb9800):  JavaThread "C2 CompilerThread2" daemon [_thread_in_native, id=3436, stack(0x0000000023890000,0x0000000023990000)]

siginfo: ExceptionCode=0xc0000005, reading address 0xffffffffffffffff

Registers:
RAX=0x0000000000000000, RBX=0x0000000000000432, RCX=0x0000000000000010, RDX=0x0000000025451360
RSP=0x000000002398c240, RBP=0x000000002398c4a0, RSI=0x00000000252aa428, RDI=0x80000000252aa3a0
R8 =0x0000000000000000, R9 =0x0000000025451398, R10=0x00000000254513a0, R11=0x00000000252a3fd8
R12=0x0000000000000000, R13=0x000000002398c4f8, R14=0x0000000025305cf0, R15=0x00000000252aa448
RIP=0x0000000064848813, EFLAGS=0x0000000000010283

Top of Stack: (sp=0x000000002398c240)
0x000000002398c240:   0000000000000432 000000002398c4a0
0x000000002398c250:   0000000024c070f0 00000000252a3f88
0x000000002398c260:   000000002398c388 000000002398c4a0
0x000000002398c270:   00000000252a3f88 ffffffffffffffff
0x000000002398c280:   0000000024c070f0 0000000064849a02
0x000000002398c290:   000000002398c4a0 0000000000000000
0x000000002398c2a0:   0000000023fdbb30 000000002398c2e8
0x000000002398c2b0:   00000ce40000019a 0000000000000000
0x000000002398c2c0:   0000000000000007 0000000023fdbb30
0x000000002398c2d0:   00000000253bf060 0000000021fb4550
0x000000002398c2e0:   00000000253c4e30 00000000253c7048
0x000000002398c2f0:   000000002398c389 000000006484a9ec
0x000000002398c300:   000000002398c4a0 000000002398c388
0x000000002398c310:   00000000000000da 0000000021fb4550
0x000000002398c320:   0000000000000014 0000000024306368
0x000000002398c330:   0000000000000000 0000000000000000 

Instructions: (pc=0x0000000064848813)
0x00000000648487f3:   47 20 4c 8d 3c c6 49 3b f7 0f 83 a7 00 00 00 4c
0x0000000064848803:   89 64 24 58 66 0f 1f 84 00 00 00 00 00 48 8b 3e
0x0000000064848813:   0f b6 47 2c 24 0f 3c 08 75 7a 8b 4f 28 48 8b 45
0x0000000064848823:   68 48 8b 0c c8 49 3b ce 74 6a 48 85 c9 74 08 48 


Register to memory mapping:

RAX=0x0000000000000000 is an unknown value
RBX=0x0000000000000432 is an unknown value
RCX=0x0000000000000010 is an unknown value
RDX=0x0000000025451360 is an unknown value
RSP=0x000000002398c240 is pointing into the stack for thread: 0x0000000021fb9800
RBP=0x000000002398c4a0 is pointing into the stack for thread: 0x0000000021fb9800
RSI=0x00000000252aa428 is an unknown value
RDI=0x80000000252aa3a0 is an unknown value
R8 =0x0000000000000000 is an unknown value
R9 =0x0000000025451398 is an unknown value
R10=0x00000000254513a0 is an unknown value
R11=0x00000000252a3fd8 is an unknown value
R12=0x0000000000000000 is an unknown value
R13=0x000000002398c4f8 is pointing into the stack for thread: 0x0000000021fb9800
R14=0x0000000025305cf0 is an unknown value
R15=0x00000000252aa448 is an unknown value


Stack: [0x0000000023890000,0x0000000023990000],  sp=0x000000002398c240,  free space=1008k
Native frames: (J=compiled Java code, j=interpreted, Vv=VM code, C=native code)
V  [jvm.dll+0x4a8813]
V  [jvm.dll+0x4a9a02]
V  [jvm.dll+0x4aa9ec]
V  [jvm.dll+0x4ab96a]
V  [jvm.dll+0x492e1c]
V  [jvm.dll+0x495827]
V  [jvm.dll+0x4788b2]
V  [jvm.dll+0x8325f]
V  [jvm.dll+0x83bcf]
V  [jvm.dll+0x2319df]
V  [jvm.dll+0x28395a]
C  [msvcr100.dll+0x21d9f]
C  [msvcr100.dll+0x21e3b]
C  [KERNEL32.DLL+0x17bd4]
C  [ntdll.dll+0x6ce51]


Current CompileTask:
C2:   1571 1532       4       org.codehaus.plexus.util.xml.pull.MXParser::parseStartTag (1195 bytes)


---------------  P R O C E S S  ---------------

Java Threads: ( => current thread )
  0x0000000022039000 JavaThread "Service Thread" daemon [_thread_blocked, id=7100, stack(0x0000000023a90000,0x0000000023b90000)]
  0x0000000021fdf800 JavaThread "C1 CompilerThread3" daemon [_thread_blocked, id=13968, stack(0x0000000023990000,0x0000000023a90000)]
=>0x0000000021fb9800 JavaThread "C2 CompilerThread2" daemon [_thread_in_native, id=3436, stack(0x0000000023890000,0x0000000023990000)]
  0x0000000021f69800 JavaThread "C2 CompilerThread1" daemon [_thread_in_native, id=10260, stack(0x0000000023790000,0x0000000023890000)]
  0x0000000021f64800 JavaThread "C2 CompilerThread0" daemon [_thread_in_native, id=2796, stack(0x0000000023690000,0x0000000023790000)]
  0x0000000021fb5000 JavaThread "Attach Listener" daemon [_thread_blocked, id=15340, stack(0x0000000023590000,0x0000000023690000)]
  0x0000000021f59000 JavaThread "Signal Dispatcher" daemon [_thread_blocked, id=3876, stack(0x0000000023490000,0x0000000023590000)]
  0x0000000020f8a800 JavaThread "Finalizer" daemon [_thread_blocked, id=15428, stack(0x0000000023290000,0x0000000023390000)]
  0x0000000021f45000 JavaThread "Reference Handler" daemon [_thread_blocked, id=8332, stack(0x0000000023190000,0x0000000023290000)]
  0x00000000029fe800 JavaThread "main" [_thread_in_vm, id=11500, stack(0x0000000002aa0000,0x0000000002ba0000)]

Other Threads:
  0x0000000021f40800 VMThread [stack: 0x0000000023090000,0x0000000023190000] [id=8256]
  0x000000002205c800 WatcherThread [stack: 0x0000000023b90000,0x0000000023c90000] [id=10584]

VM state:not at safepoint (normal execution)

VM Mutex/Monitor currently owned by a thread: None

heap address: 0x0000000645000000, size: 6064 MB, Compressed Oops mode: Zero based, Oop shift amount: 3
Narrow klass base: 0x0000000000000000, Narrow klass shift: 3
Compressed class space size: 1073741824 Address: 0x00000007c0000000

Heap:
 PSYoungGen      total 113664K, used 88050K [0x0000000741b00000, 0x0000000749980000, 0x00000007c0000000)
  eden space 97792K, 90% used [0x0000000741b00000,0x00000007470fcb28,0x0000000747a80000)
  from space 15872K, 0% used [0x0000000748a00000,0x0000000748a00000,0x0000000749980000)
  to   space 15872K, 0% used [0x0000000747a80000,0x0000000747a80000,0x0000000748a00000)
 ParOldGen       total 259584K, used 0K [0x0000000645000000, 0x0000000654d80000, 0x0000000741b00000)
  object space 259584K, 0% used [0x0000000645000000,0x0000000645000000,0x0000000654d80000)
 Metaspace       used 15100K, capacity 15292K, committed 15488K, reserved 1062912K
  class space    used 1755K, capacity 1844K, committed 1920K, reserved 1048576K

Card table byte_map: [0x0000000012060000,0x0000000012c40000] byte_map_base: 0x000000000ee38000

Marking Bits: (ParMarkBitMap*) 0x0000000064be1f30
 Begin Bits: [0x0000000013c30000, 0x0000000019af0000)
 End Bits:   [0x0000000019af0000, 0x000000001f9b0000)

Polling page: 0x0000000002930000

CodeCache: size=245760Kb used=5576Kb max_used=5583Kb free=240183Kb
 bounds [0x0000000002ca0000, 0x0000000003220000, 0x0000000011ca0000]
 total_blobs=1948 nmethods=1597 adapters=264
 compilation: enabled

Compilation events (250 events):
Event: 1.372 Thread 0x0000000021fdf800 nmethod 1445 0x00000000031afa10 code [0x00000000031afc60, 0x00000000031b0a88]
Event: 1.372 Thread 0x0000000021fdf800 1449       3       java.util.IdentityHashMap::get (60 bytes)
Event: 1.373 Thread 0x0000000021fdf800 nmethod 1449 0x00000000031b11d0 code [0x00000000031b1380, 0x00000000031b1828]
Event: 1.373 Thread 0x0000000021fdf800 1448       3       com.google.inject.internal.ProvisionListenerStackCallback$Provision::getBinding (8 bytes)
Event: 1.373 Thread 0x0000000021fdf800 nmethod 1448 0x00000000031b1a50 code [0x00000000031b1ba0, 0x00000000031b1d10]
Event: 1.373 Thread 0x0000000021fdf800 1450       3       com.google.inject.internal.InternalContext::getConstructionContext (40 bytes)
Event: 1.373 Thread 0x0000000021fdf800 nmethod 1450 0x00000000031b1dd0 code [0x00000000031b1f60, 0x00000000031b2498]
Event: 1.373 Thread 0x0000000021fdf800 1451       3       com.google.inject.internal.ConstructionContext::startConstruction (6 bytes)
Event: 1.373 Thread 0x0000000021fdf800 nmethod 1451 0x00000000031b2650 code [0x00000000031b27a0, 0x00000000031b28f0]
Event: 1.373 Thread 0x0000000021fdf800 1452       3       com.google.inject.internal.ConstructionContext::removeCurrentReference (6 bytes)
Event: 1.373 Thread 0x0000000021fdf800 nmethod 1452 0x00000000031b2990 code [0x00000000031b2ae0, 0x00000000031b2c50]
Event: 1.373 Thread 0x0000000021fdf800 1447       3       org.eclipse.sisu.wire.BeanProviders$7::get (16 bytes)
Event: 1.374 Thread 0x0000000021fdf800 nmethod 1447 0x00000000031b2cd0 code [0x00000000031b2ea0, 0x00000000031b3668]
Event: 1.374 Thread 0x0000000021fdf800 1453   !   3       com.google.inject.internal.InternalFactoryToProviderAdapter::get (49 bytes)
Event: 1.374 Thread 0x0000000021fdf800 nmethod 1453 0x00000000031b3890 code [0x00000000031b3a20, 0x00000000031b3eb8]
Event: 1.374 Thread 0x0000000021fdf800 1454   !   3       com.google.inject.internal.SingletonScope$1::get (425 bytes)
Event: 1.377 Thread 0x0000000021fdf800 nmethod 1454 0x00000000031b40d0 code [0x00000000031b4600, 0x00000000031b7c58]
Event: 1.377 Thread 0x0000000021fdf800 1456       1       sun.reflect.ByteVectorImpl::getLength (7 bytes)
Event: 1.377 Thread 0x0000000021fdf800 nmethod 1456 0x00000000031ba610 code [0x00000000031ba760, 0x00000000031ba870]
Event: 1.377 Thread 0x0000000021fdf800 1462   !   3       com.google.inject.internal.MembersInjectorImpl::notifyListeners (62 bytes)
Event: 1.378 Thread 0x0000000021fb9800 1463       4       java.util.concurrent.atomic.AtomicReferenceArray::checkedByteOffset (45 bytes)
Event: 1.378 Thread 0x0000000021fdf800 nmethod 1462 0x00000000031ba8d0 code [0x00000000031baaa0, 0x00000000031bb198]
Event: 1.378 Thread 0x0000000021fdf800 1460       3       org.eclipse.sisu.inject.DefaultBeanLocator::fetchBindings (87 bytes)
Event: 1.378 Thread 0x0000000021fb9800 nmethod 1463 0x00000000031be190 code [0x00000000031be2c0, 0x00000000031be378]
Event: 1.379 Thread 0x0000000021fdf800 nmethod 1460 0x00000000031bbfd0 code [0x00000000031bc260, 0x00000000031bd748]
Event: 1.379 Thread 0x0000000021fdf800 1455       3       sun.reflect.ClassFileAssembler::emitConstantPoolNameAndType (28 bytes)
Event: 1.380 Thread 0x0000000021fdf800 nmethod 1455 0x00000000031be450 code [0x00000000031be640, 0x00000000031bed28]
Event: 1.380 Thread 0x0000000021fdf800 1459       3       java.util.concurrent.atomic.AtomicReference::compareAndSet (13 bytes)
Event: 1.380 Thread 0x0000000021fdf800 nmethod 1459 0x00000000031bbc90 code [0x00000000031bbde0, 0x00000000031bbf70]
Event: 1.380 Thread 0x0000000021fdf800 1465   !   3       com.google.common.cache.LocalCache$Segment::storeLoadedValue (371 bytes)
Event: 1.383 Thread 0x0000000021fdf800 nmethod 1465 0x00000000031bf290 code [0x00000000031bf780, 0x00000000031c2c18]
Event: 1.383 Thread 0x0000000021fdf800 1466   !   3       org.eclipse.sisu.inject.RankedBindings$Itr::hasNext (107 bytes)
Event: 1.384 Thread 0x0000000021fdf800 nmethod 1466 0x00000000031c51d0 code [0x00000000031c5420, 0x00000000031c6778]
Event: 1.384 Thread 0x0000000021fdf800 1461       3       org.eclipse.sisu.inject.MildValues::get (27 bytes)
Event: 1.384 Thread 0x0000000021fdf800 nmethod 1461 0x00000000031bb5d0 code [0x00000000031bb760, 0x00000000031bbb78]
Event: 1.384 Thread 0x0000000021fdf800 1469   !   3       org.eclipse.sisu.inject.DefaultBeanLocator::locate (122 bytes)
Event: 1.384 Thread 0x0000000021fb9800 1471       4       com.google.inject.TypeLiteral::get (9 bytes)
Event: 1.385 Thread 0x0000000021fdf800 nmethod 1469 0x00000000031c7110 code [0x00000000031c73a0, 0x00000000031c8698]
Event: 1.385 Thread 0x0000000021fdf800 1472       3       org.eclipse.sisu.inject.InjectorBindings::isAssignableFrom (28 bytes)
Event: 1.385 Thread 0x0000000021fdf800 nmethod 1472 0x00000000031c8f50 code [0x00000000031c9100, 0x00000000031c96a8]
Event: 1.385 Thread 0x0000000021fdf800 1470   !   3       org.eclipse.sisu.inject.RankedBindings::newBeanCache (36 bytes)
Event: 1.385 Thread 0x0000000021fb9800 nmethod 1471 0x00000000031cc590 code [0x00000000031cc6e0, 0x00000000031cc7c8]
Event: 1.385 Thread 0x0000000021fdf800 nmethod 1470 0x00000000031cbc90 code [0x00000000031cbe20, 0x00000000031cc368]
Event: 1.385 Thread 0x0000000021fdf800 1474       3       java.util.ArrayList::<init> (12 bytes)
Event: 1.385 Thread 0x0000000021fdf800 nmethod 1474 0x00000000031cb790 code [0x00000000031cb900, 0x00000000031cbb90]
Event: 1.385 Thread 0x0000000021fdf800 1473       3       com.google.inject.internal.ProviderInternalFactory$1::<init> (26 bytes)
Event: 1.385 Thread 0x0000000021fdf800 nmethod 1473 0x00000000031cb350 code [0x00000000031cb4a0, 0x00000000031cb6b0]
Event: 1.385 Thread 0x0000000021fdf800 1457       3       com.google.inject.internal.InternalFactoryToInitializableAdapter::get (23 bytes)
Event: 1.385 Thread 0x0000000021fdf800 nmethod 1457 0x00000000031cac90 code [0x00000000031cae20, 0x00000000031cb218]
Event: 1.385 Thread 0x0000000021fdf800 1458   !   3       com.google.inject.internal.ProviderInternalFactory::circularGet (124 bytes)
Event: 1.386 Thread 0x0000000021fdf800 nmethod 1458 0x00000000031cc890 code [0x00000000031cca80, 0x00000000031cdb18]
Event: 1.386 Thread 0x0000000021fdf800 1468       3       com.google.inject.Key$AnnotationInstanceStrategy::getAnnotationType (10 bytes)
Event: 1.386 Thread 0x0000000021fdf800 nmethod 1468 0x00000000031ca850 code [0x00000000031ca9c0, 0x00000000031cabe8]
Event: 1.386 Thread 0x0000000021fdf800 1467       3       org.eclipse.sisu.inject.RankedSequence$Itr::next (47 bytes)
Event: 1.386 Thread 0x0000000021fdf800 nmethod 1467 0x00000000031ca250 code [0x00000000031ca3c0, 0x00000000031ca718]
Event: 1.386 Thread 0x0000000021fdf800 1475       3       com.google.inject.spi.ProviderLookup$1::get (29 bytes)
Event: 1.386 Thread 0x0000000021fdf800 nmethod 1475 0x00000000031c9c10 code [0x00000000031c9da0, 0x00000000031ca0d8]
Event: 1.386 Thread 0x0000000021fdf800 1476       3       org.eclipse.sisu.inject.RankedSequence::iterator (9 bytes)
Event: 1.386 Thread 0x0000000021fdf800 nmethod 1476 0x00000000031ce090 code [0x00000000031ce200, 0x00000000031ce490]
Event: 1.386 Thread 0x0000000021fdf800 1477       3       org.eclipse.sisu.inject.RankedSequence$Itr::<init> (22 bytes)
Event: 1.387 Thread 0x0000000021fdf800 nmethod 1477 0x00000000031ce590 code [0x00000000031ce6e0, 0x00000000031ce8d0]
Event: 1.387 Thread 0x0000000021fdf800 1478       3       com.google.inject.internal.BindingImpl::getProvider (44 bytes)
Event: 1.387 Thread 0x0000000021fdf800 nmethod 1478 0x00000000031ce990 code [0x00000000031ceb20, 0x00000000031ceeb8]
Event: 1.387 Thread 0x0000000021fdf800 1464       3       com.google.common.base.Stopwatch::elapsedNanos (32 bytes)
Event: 1.387 Thread 0x0000000021fdf800 nmethod 1464 0x00000000031cf010 code [0x00000000031cf180, 0x00000000031cf408]
Event: 1.388 Thread 0x0000000021fdf800 1479       3       org.eclipse.sisu.wire.BeanProviders$1::get (5 bytes)
Event: 1.388 Thread 0x0000000021fdf800 nmethod 1479 0x00000000031cf4d0 code [0x00000000031cf660, 0x00000000031cfa98]
Event: 1.388 Thread 0x0000000021fdf800 1481       3       org.eclipse.sisu.inject.RankedSequence::safeBinarySearch (77 bytes)
Event: 1.388 Thread 0x0000000021fb9800 1482       4       com.google.common.base.Preconditions::checkNotNull (14 bytes)
Event: 1.388 Thread 0x0000000021f69800 1483       4       org.eclipse.sisu.inject.TypeArguments::isAssignableFrom (158 bytes)
Event: 1.388 Thread 0x0000000021fdf800 nmethod 1481 0x00000000031cfc50 code [0x00000000031cfdc0, 0x00000000031d0110]
Event: 1.388 Thread 0x0000000021fdf800 1480       3       org.eclipse.sisu.wire.BeanProviders$1::get (25 bytes)
Event: 1.388 Thread 0x0000000021fdf800 nmethod 1480 0x00000000031d02d0 code [0x00000000031d0460, 0x00000000031d0818]
Event: 1.388 Thread 0x0000000021fdf800 1485   !   3       org.eclipse.sisu.inject.BeanCache::create (172 bytes)
Event: 1.388 Thread 0x0000000021fb9800 nmethod 1482 0x000000000319df90 code [0x000000000319e0c0, 0x000000000319e118]
Event: 1.389 Thread 0x0000000021fdf800 nmethod 1485 0x00000000031d1ed0 code [0x00000000031d20e0, 0x00000000031d30b8]
Event: 1.389 Thread 0x0000000021fdf800 1484       3       com.google.inject.spi.Dependency::get (15 bytes)
Event: 1.389 Thread 0x0000000021fdf800 nmethod 1484 0x00000000031d14d0 code [0x00000000031d1680, 0x00000000031d1b98]
Event: 1.389 Thread 0x0000000021fdf800 1486       3       java.util.Hashtable$Enumerator::next (27 bytes)
Event: 1.389 Thread 0x0000000021fdf800 nmethod 1486 0x00000000031d0f50 code [0x00000000031d10e0, 0x00000000031d1398]
Event: 1.389 Thread 0x0000000021fdf800 1487       3       java.util.Hashtable$Enumerator::hasMoreElements (53 bytes)
Event: 1.389 Thread 0x0000000021f69800 nmethod 1483 0x00000000031d0b10 code [0x00000000031d0c60, 0x00000000031d0db8]
Event: 1.389 Thread 0x0000000021fdf800 nmethod 1487 0x00000000031d5dd0 code [0x00000000031d5f40, 0x00000000031d6230]
Event: 1.389 Thread 0x0000000021fdf800 1488       3       java.util.Hashtable$Enumerator::hasNext (5 bytes)
Event: 1.389 Thread 0x0000000021fdf800 nmethod 1488 0x00000000031d5a10 code [0x00000000031d5b80, 0x00000000031d5d28]
Event: 1.397 Thread 0x0000000021fb9800 1489       4       sun.net.util.IPAddressUtil::checkHostString (53 bytes)
Event: 1.397 Thread 0x0000000021f69800 1490       4       sun.net.util.IPAddressUtil::scan (92 bytes)
Event: 1.398 Thread 0x0000000021fb9800 nmethod 1489 0x00000000031c98d0 code [0x00000000031c9a00, 0x00000000031c9a78]
Event: 1.398 Thread 0x0000000021f69800 nmethod 1490 0x00000000031d3f90 code [0x00000000031d40c0, 0x00000000031d4158]
Event: 1.402 Thread 0x0000000021fdf800 1492       3       java.lang.Character::isSurrogate (18 bytes)
Event: 1.402 Thread 0x0000000021fdf800 nmethod 1492 0x00000000031d3c10 code [0x00000000031d3d60, 0x00000000031d3f30]
Event: 1.402 Thread 0x0000000021fdf800 1493       3       java.util.regex.Pattern$Slice::match (79 bytes)
Event: 1.402 Thread 0x0000000021fdf800 nmethod 1493 0x00000000031d7290 code [0x00000000031d7420, 0x00000000031d78d8]
Event: 1.402 Thread 0x0000000021fdf800 1491       3       java.util.regex.Pattern::isSupplementary (20 bytes)
Event: 1.403 Thread 0x0000000021fdf800 nmethod 1491 0x00000000031d3710 code [0x00000000031d3880, 0x00000000031d3b50]
Event: 1.405 Thread 0x0000000021fdf800 1494       3       java.util.regex.Pattern$Dot::isSatisfiedBy (34 bytes)
Event: 1.405 Thread 0x0000000021fb9800 1495       4       org.codehaus.plexus.util.xml.pull.MXParser::isS (30 bytes)
Event: 1.405 Thread 0x0000000021fdf800 nmethod 1494 0x00000000031d6e50 code [0x00000000031d6fc0, 0x00000000031d7230]
Event: 1.406 Thread 0x0000000021fb9800 nmethod 1495 0x00000000031d4250 code [0x00000000031d4380, 0x00000000031d4418]
Event: 1.406 Thread 0x0000000021f69800 1496       4       sun.nio.cs.StreamDecoder::implRead (243 bytes)
Event: 1.407 Thread 0x0000000021fdf800 1497       3       java.util.regex.Pattern::peek (26 bytes)
Event: 1.407 Thread 0x0000000021fdf800 nmethod 1497 0x00000000031d68d0 code [0x00000000031d6a40, 0x00000000031d6d08]
Event: 1.410 Thread 0x0000000021fb9800 1498       4       java.net.URLStreamHandler::setURL (73 bytes)
Event: 1.413 Thread 0x0000000021fdf800 1499       3       com.google.inject.internal.ProviderInstanceBindingImpl::acceptTargetVisitor (33 bytes)
Event: 1.413 Thread 0x0000000021fdf800 nmethod 1499 0x00000000031d5210 code [0x00000000031d53a0, 0x00000000031d58f8]
Event: 1.417 Thread 0x0000000021fb9800 nmethod 1498 0x00000000031d4650 code [0x00000000031d47c0, 0x00000000031d4d08]
Event: 1.420 Thread 0x0000000021f69800 nmethod 1496 0x00000000031dd190 code [0x00000000031dd3e0, 0x00000000031ddf48]
Event: 1.425 Thread 0x0000000021fb9800 1500   !   4       java.util.WeakHashMap::expungeStaleEntries (139 bytes)
Event: 1.426 Thread 0x0000000021fb9800 nmethod 1500 0x00000000031d6350 code [0x00000000031d6480, 0x00000000031d6518]
Event: 1.434 Thread 0x0000000021fdf800 1502       3       java.lang.System::getProperty (25 bytes)
Event: 1.435 Thread 0x0000000021fdf800 nmethod 1502 0x00000000031dbcd0 code [0x00000000031dbea0, 0x00000000031dc528]
Event: 1.438 Thread 0x0000000021f69800 1503       4       java.lang.Class::cast (27 bytes)
Event: 1.438 Thread 0x0000000021fdf800 1504       3       java.util.LinkedHashMap$LinkedEntryIterator::next (5 bytes)
Event: 1.438 Thread 0x0000000021fdf800 nmethod 1504 0x00000000031db7d0 code [0x00000000031db940, 0x00000000031dbc28]
Event: 1.438 Thread 0x0000000021fdf800 1505       3       java.util.LinkedHashMap$LinkedEntryIterator::next (5 bytes)
Event: 1.438 Thread 0x0000000021fdf800 nmethod 1505 0x00000000031db3d0 code [0x00000000031db540, 0x00000000031db748]
Event: 1.439 Thread 0x0000000021f69800 nmethod 1503 0x00000000031d8410 code [0x00000000031d8540, 0x00000000031d8638]
Event: 1.439 Thread 0x0000000021fdf800 1506       3       java.lang.String::codePointAt (36 bytes)
Event: 1.440 Thread 0x0000000021fdf800 nmethod 1506 0x00000000031d7e90 code [0x00000000031d8020, 0x00000000031d82d8]
Event: 1.440 Thread 0x0000000021fdf800 1507       3       java.lang.Character::codePointAtImpl (41 bytes)
Event: 1.440 Thread 0x0000000021fdf800 nmethod 1507 0x00000000031dabd0 code [0x00000000031dad60, 0x00000000031db1f0]
Event: 1.450 Thread 0x0000000021fb9800 1508       4       java.util.regex.Pattern$CharProperty::match (56 bytes)
Event: 1.457 Thread 0x0000000021fb9800 nmethod 1508 0x00000000031e1110 code [0x00000000031e12e0, 0x00000000031e1b08]
Event: 1.465 Thread 0x0000000021fdf800 1509       3       org.apache.maven.model.io.xpp3.MavenXpp3ReaderEx::checkFieldWithDuplicate (75 bytes)
Event: 1.466 Thread 0x0000000021fdf800 nmethod 1509 0x00000000031e0090 code [0x00000000031e02c0, 0x00000000031e0c88]
Event: 1.466 Thread 0x0000000021fdf800 1510       3       java.util.ArrayList::remove (69 bytes)
Event: 1.467 Thread 0x0000000021fdf800 nmethod 1510 0x00000000031df550 code [0x00000000031df700, 0x00000000031dfd88]
Event: 1.467 Thread 0x0000000021fdf800 1511       3       java.lang.StringBuilder::append (8 bytes)
Event: 1.467 Thread 0x0000000021fdf800 nmethod 1511 0x00000000031d7ad0 code [0x00000000031d7c40, 0x00000000031d7dc8]
Event: 1.467 Thread 0x0000000021fdf800 1512       3       java.lang.AbstractStringBuilder::append (50 bytes)
Event: 1.468 Thread 0x0000000021fdf800 nmethod 1512 0x00000000031d9f90 code [0x00000000031da160, 0x00000000031da8b8]
Event: 1.468 Thread 0x0000000021fdf800 1513       3       java.lang.ClassLoader::getResource (36 bytes)
Event: 1.469 Thread 0x0000000021fdf800 nmethod 1513 0x00000000031d94d0 code [0x00000000031d96a0, 0x00000000031d9d18]
Event: 1.469 Thread 0x0000000021fdf800 1514       3       java.net.URLClassLoader::findResource (37 bytes)
Event: 1.469 Thread 0x0000000021fdf800 nmethod 1514 0x00000000031d8c10 code [0x00000000031d8dc0, 0x00000000031d92d8]
Event: 1.469 Thread 0x0000000021fdf800 1515       3       java.net.URLClassLoader$2::run (16 bytes)
Event: 1.469 Thread 0x0000000021fdf800 nmethod 1515 0x00000000031d87d0 code [0x00000000031d8940, 0x00000000031d8b28]
Event: 1.469 Thread 0x0000000021fdf800 1516       3       java.util.HashSet::<init> (16 bytes)
Event: 1.469 Thread 0x0000000021fdf800 nmethod 1516 0x00000000031e26d0 code [0x00000000031e2860, 0x00000000031e2c70]
Event: 1.470 Thread 0x0000000021fdf800 1517       1       org.codehaus.plexus.util.xml.pull.MXParser::getLineNumber (5 bytes)
Event: 1.470 Thread 0x0000000021fdf800 nmethod 1517 0x00000000031df290 code [0x00000000031df3e0, 0x00000000031df4f0]
Event: 1.470 Thread 0x0000000021fdf800 1518       1       org.codehaus.plexus.util.xml.pull.MXParser::getColumnNumber (5 bytes)
Event: 1.470 Thread 0x0000000021fdf800 nmethod 1518 0x00000000031e2e50 code [0x00000000031e2fa0, 0x00000000031e30b0]
Event: 1.472 Thread 0x0000000021fdf800 1519       3       java.util.Hashtable$Entry::<init> (26 bytes)
Event: 1.472 Thread 0x0000000021fdf800 nmethod 1519 0x00000000031e3110 code [0x00000000031e3260, 0x00000000031e3470]
Event: 1.472 Thread 0x0000000021fdf800 1520       3       org.eclipse.sisu.space.WildcardKey$QualifiedImpl::get (5 bytes)
Event: 1.472 Thread 0x0000000021fdf800 nmethod 1520 0x00000000031e3550 code [0x00000000031e36a0, 0x00000000031e3890]
Event: 1.477 Thread 0x0000000021fdf800 1521       3       java.lang.String::replace (127 bytes)
Event: 1.478 Thread 0x0000000021fdf800 nmethod 1521 0x00000000031e3910 code [0x00000000031e3ac0, 0x00000000031e4170]
Event: 1.480 Thread 0x0000000021fb9800 1522       4       java.util.jar.JarFile::maybeInstantiateVerifier (96 bytes)
Event: 1.481 Thread 0x0000000021fdf800 1523       3       java.util.regex.Pattern$BmpCharProperty::match (50 bytes)
Event: 1.481 Thread 0x0000000021fdf800 nmethod 1523 0x00000000031e4510 code [0x00000000031e46a0, 0x00000000031e4b68]
Event: 1.483 Thread 0x0000000021fdf800 1524       3       sun.net.www.ParseUtil::encodePath (336 bytes)
Event: 1.484 Thread 0x0000000021fdf800 nmethod 1524 0x00000000031e5550 code [0x00000000031e57c0, 0x00000000031e67d8]
Event: 1.484 Thread 0x0000000021fdf800 1525   !   3       sun.misc.URLClassPath$JarLoader::getResource (85 bytes)
Event: 1.485 Thread 0x0000000021fdf800 nmethod 1525 0x00000000031e6f50 code [0x00000000031e7180, 0x00000000031e7c18]
Event: 1.485 Thread 0x0000000021fdf800 1526       3       java.util.regex.Pattern::next (33 bytes)
Event: 1.485 Thread 0x0000000021fdf800 nmethod 1526 0x00000000031e8190 code [0x00000000031e8300, 0x00000000031e85c8]
Event: 1.485 Thread 0x0000000021fdf800 1527       3       java.util.regex.Pattern$Node::<init> (12 bytes)
Event: 1.485 Thread 0x0000000021fdf800 nmethod 1527 0x00000000031e8710 code [0x00000000031e8880, 0x00000000031e8a50]
Event: 1.489 Thread 0x0000000021fb9800 nmethod 1522 0x00000000031ebbd0 code [0x00000000031ebd60, 0x00000000031ec238]
Event: 1.491 Thread 0x0000000021fdf800 1528       3       org.eclipse.sisu.inject.InjectorBindings::publishWildcardMatches (81 bytes)
Event: 1.492 Thread 0x0000000021fdf800 nmethod 1528 0x00000000031ea8d0 code [0x00000000031eaae0, 0x00000000031eb5b8]
Event: 1.511 Thread 0x0000000021f69800 1529       4       org.codehaus.plexus.util.xml.pull.MXParser::parseEndTag (434 bytes)
Event: 1.511 Thread 0x0000000021fb9800 1530       4       org.codehaus.plexus.util.xml.pull.MXParser::next (10 bytes)
Event: 1.511 Thread 0x0000000021fdf800 1531       3       org.apache.maven.model.InputLocation::<init> (30 bytes)
Event: 1.511 Thread 0x0000000021fdf800 nmethod 1531 0x00000000031e90d0 code [0x00000000031e9220, 0x00000000031e9410]
Event: 1.511 Thread 0x0000000021fb9800 nmethod 1530 0x00000000031e8e50 code [0x00000000031e8fa0, 0x00000000031e9028]
Event: 1.511 Thread 0x0000000021fb9800 1532       4       org.codehaus.plexus.util.xml.pull.MXParser::parseStartTag (1195 bytes)
Event: 1.512 Thread 0x0000000021fdf800 1534       1       org.codehaus.plexus.util.xml.Xpp3Dom::getValue (5 bytes)
Event: 1.513 Thread 0x0000000021fdf800 nmethod 1534 0x00000000031e8b10 code [0x00000000031e8c60, 0x00000000031e8d70]
Event: 1.513 Thread 0x0000000021fdf800 1535       3       java.util.LinkedHashMap::<init> (16 bytes)
Event: 1.513 Thread 0x0000000021fdf800 nmethod 1535 0x00000000031eec50 code [0x00000000031eedc0, 0x00000000031ef108]
Event: 1.513 Thread 0x0000000021fdf800 1536       3       org.codehaus.plexus.util.xml.Xpp3Dom::getChildCount (20 bytes)
Event: 1.513 Thread 0x0000000021fdf800 nmethod 1536 0x00000000031ee7d0 code [0x00000000031ee940, 0x00000000031eeba8]
Event: 1.513 Thread 0x0000000021fdf800 1537       3       org.codehaus.plexus.util.xml.Xpp3Dom::setValue (6 bytes)
Event: 1.513 Thread 0x0000000021fdf800 nmethod 1537 0x00000000031ee490 code [0x00000000031ee5e0, 0x00000000031ee750]
Event: 1.513 Thread 0x0000000021fdf800 1538       3       java.util.regex.Pattern$Single::isSatisfiedBy (14 bytes)
Event: 1.513 Thread 0x0000000021fdf800 nmethod 1538 0x00000000031ee110 code [0x00000000031ee260, 0x00000000031ee410]
Event: 1.518 Thread 0x0000000021fdf800 1539       3       org.codehaus.plexus.util.xml.pull.MXParser::getAttributeCount (15 bytes)
Event: 1.518 Thread 0x0000000021fdf800 nmethod 1539 0x00000000031edd90 code [0x00000000031edee0, 0x00000000031ee090]
Event: 1.521 Thread 0x0000000021fdf800 1540       3       org.apache.maven.model.io.xpp3.MavenXpp3ReaderEx::interpolatedTrimmed (16 bytes)
Event: 1.521 Thread 0x0000000021fdf800 nmethod 1540 0x00000000031ed710 code [0x00000000031ed8a0, 0x00000000031edbe8]
Event: 1.521 Thread 0x0000000021fdf800 1541       3       org.apache.maven.model.io.xpp3.MavenXpp3ReaderEx$1::transform (2 bytes)
Event: 1.521 Thread 0x0000000021fdf800 nmethod 1541 0x00000000031ed3d0 code [0x00000000031ed520, 0x00000000031ed670]
Event: 1.521 Thread 0x0000000021fdf800 1543       3       org.apache.maven.model.Dependency::setLocation (390 bytes)
Event: 1.522 Thread 0x0000000021f69800 nmethod 1529 0x00000000031f27d0 code [0x00000000031f2980, 0x00000000031f32a8]
Event: 1.522 Thread 0x0000000021f69800 1542       4       org.codehaus.plexus.util.xml.pull.MXParser::nextImpl (1202 bytes)
Event: 1.523 Thread 0x0000000021fdf800 nmethod 1543 0x00000000031f0290 code [0x00000000031f0580, 0x00000000031f2028]
Event: 1.524 Thread 0x0000000021fdf800 1545       3       org.apache.maven.model.io.xpp3.MavenXpp3ReaderEx::parseDependency (750 bytes)
Event: 1.531 Thread 0x0000000021fdf800 nmethod 1545 0x00000000031f3b50 code [0x00000000031f43e0, 0x00000000031f9278]
Event: 1.531 Thread 0x0000000021fdf800 1549       3       org.apache.maven.model.Dependency::setArtifactId (6 bytes)
Event: 1.531 Thread 0x0000000021fdf800 nmethod 1549 0x00000000031ed090 code [0x00000000031ed1e0, 0x00000000031ed350]
Event: 1.531 Thread 0x0000000021fdf800 1550       3       org.apache.maven.model.Dependency::setVersion (6 bytes)
Event: 1.531 Thread 0x0000000021fdf800 nmethod 1550 0x00000000031ecd50 code [0x00000000031ecea0, 0x00000000031ed010]
Event: 1.531 Thread 0x0000000021fdf800 1546       3       org.apache.maven.model.Dependency::<init> (11 bytes)
Event: 1.531 Thread 0x0000000021fdf800 nmethod 1546 0x00000000031ec950 code [0x00000000031ecac0, 0x00000000031ecc90]
Event: 1.531 Thread 0x0000000021fdf800 1547       3       org.apache.maven.model.Dependency::setGroupId (6 bytes)
Event: 1.531 Thread 0x0000000021fdf800 nmethod 1547 0x00000000031ec5d0 code [0x00000000031ec720, 0x00000000031ec890]
Event: 1.532 Thread 0x0000000021fdf800 1551       3       java.nio.Buffer::remaining (10 bytes)
Event: 1.532 Thread 0x0000000021fdf800 nmethod 1551 0x00000000031eff90 code [0x00000000031f00e0, 0x00000000031f0230]
Event: 1.532 Thread 0x0000000021fdf800 1552       3       org.codehaus.plexus.util.StringUtils::clean (14 bytes)
Event: 1.532 Thread 0x0000000021fdf800 nmethod 1552 0x00000000031efb10 code [0x00000000031efc80, 0x00000000031efec8]
Event: 1.532 Thread 0x0000000021fdf800 1553       1       org.apache.maven.model.Dependency::getVersion (5 bytes)
Event: 1.533 Thread 0x0000000021fdf800 nmethod 1553 0x00000000031ef850 code [0x00000000031ef9a0, 0x00000000031efab0]
Event: 1.533 Thread 0x0000000021fdf800 1555       3       org.apache.maven.model.validation.DefaultModelValidator::equals (12 bytes)
Event: 1.533 Thread 0x0000000021fdf800 nmethod 1555 0x00000000031fc950 code [0x00000000031fcb00, 0x00000000031fcfe8]
Event: 1.533 Thread 0x0000000021fdf800 1554       1       org.apache.maven.model.Dependency::getScope (5 bytes)
Event: 1.533 Thread 0x0000000021fdf800 nmethod 1554 0x00000000031ef590 code [0x00000000031ef6e0, 0x00000000031ef7f0]
Event: 1.534 Thread 0x0000000021fdf800 1556       3       org.apache.maven.model.Dependency::getManagementKey (94 bytes)
Event: 1.535 Thread 0x0000000021fdf800 nmethod 1556 0x00000000031fd1d0 code [0x00000000031fd460, 0x00000000031fe6b8]
Event: 1.535 Thread 0x0000000021fdf800 1557       1       org.apache.maven.model.Plugin::getGroupId (5 bytes)
Event: 1.535 Thread 0x0000000021fdf800 nmethod 1557 0x00000000031ef250 code [0x00000000031ef3a0, 0x00000000031ef4b0]
Event: 1.535 Thread 0x0000000021fdf800 1558       1       org.apache.maven.model.Plugin::getArtifactId (5 bytes)
Event: 1.535 Thread 0x0000000021fdf800 nmethod 1558 0x00000000031fed90 code [0x00000000031feee0, 0x00000000031feff0]
Event: 1.535 Thread 0x0000000021fdf800 1559   !   3       org.apache.maven.model.Dependency::clone (137 bytes)
Event: 1.536 Thread 0x0000000021fdf800 nmethod 1559 0x00000000031ff050 code [0x00000000031ff340, 0x0000000003200a48]
Event: 1.536 Thread 0x0000000021fdf800 1560       3       java.util.Hashtable$Entry::clone (41 bytes)
Event: 1.537 Thread 0x0000000021fdf800 nmethod 1560 0x0000000003201610 code [0x00000000032017a0, 0x0000000003201c28]
Event: 1.537 Thread 0x0000000021fdf800 1561       3       java.util.IdentityHashMap::init (11 bytes)
Event: 1.537 Thread 0x0000000021fdf800 nmethod 1561 0x0000000003201d90 code [0x0000000003201ee0, 0x00000000032020d0]
Event: 1.538 Thread 0x0000000021fdf800 1562       1       org.apache.maven.model.Plugin::getVersion (5 bytes)
Event: 1.538 Thread 0x0000000021fdf800 nmethod 1562 0x0000000003205890 code [0x00000000032059e0, 0x0000000003205af0]
Event: 1.539 Thread 0x0000000021f69800 nmethod 1542 0x0000000003205b50 code [0x0000000003205d60, 0x0000000003206858]
Event: 1.539 Thread 0x0000000021f69800 1533       4       org.codehaus.plexus.util.xml.pull.MXParser::isWhitespace (116 bytes)
Event: 1.539 Thread 0x0000000021fdf800 1563       2       java.lang.String::regionMatches (149 bytes)
Event: 1.540 Thread 0x0000000021fdf800 nmethod 1563 0x0000000003204b90 code [0x0000000003204d80, 0x00000000032052b8]
Event: 1.541 Thread 0x0000000021fdf800 1564       3       org.apache.maven.model.merge.ModelMerger$DependencyKeyComputer::key (9 bytes)
Event: 1.541 Thread 0x0000000021fdf800 nmethod 1564 0x0000000003204510 code [0x0000000003204680, 0x0000000003204a68]
Event: 1.541 Thread 0x0000000021fdf800 1565       3       org.apache.maven.model.merge.ModelMerger$DependencyKeyComputer::key (9 bytes)
Event: 1.542 Thread 0x0000000021fdf800 nmethod 1565 0x0000000003204090 code [0x0000000003204200, 0x0000000003204428]
Event: 1.542 Thread 0x0000000021fdf800 1566       3       org.apache.maven.model.merge.MavenModelMerger::getDependencyKey (5 bytes)
Event: 1.542 Thread 0x0000000021fdf800 nmethod 1566 0x00000000032027d0 code [0x0000000003202940, 0x0000000003202ac8]
Event: 1.542 Thread 0x0000000021f69800 nmethod 1533 0x0000000003202310 code [0x0000000003202460, 0x0000000003202698]
Event: 1.542 Thread 0x0000000021f69800 1544       4       org.codehaus.plexus.util.xml.pull.MXParser::getName (84 bytes)
Event: 1.542 Thread 0x0000000021fdf800 1567       1       org.codehaus.plexus.util.xml.Xpp3Dom::getName (5 bytes)
Event: 1.542 Thread 0x0000000021fdf800 nmethod 1567 0x0000000003203dd0 code [0x0000000003203f20, 0x0000000003204030]
Event: 1.542 Thread 0x0000000021fdf800 1568       3       org.codehaus.plexus.util.xml.Xpp3Dom::addChild (17 bytes)
Event: 1.542 Thread 0x0000000021fdf800 nmethod 1568 0x0000000003203890 code [0x0000000003203a00, 0x0000000003203ca8]
Event: 1.542 Thread 0x0000000021fdf800 1569       3       org.codehaus.plexus.util.xml.Xpp3Dom::setParent (6 bytes)
Event: 1.543 Thread 0x0000000021fdf800 nmethod 1569 0x0000000003203550 code [0x00000000032036a0, 0x0000000003203810]
Event: 1.543 Thread 0x0000000021f69800 nmethod 1544 0x0000000003207610 code [0x0000000003207740, 0x00000000032077f8]
Event: 1.543 Thread 0x0000000021f69800 1548       4       org.codehaus.plexus.util.xml.pull.MXParser::isNameStartChar (63 bytes)
Event: 1.544 Thread 0x0000000021f69800 nmethod 1548 0x0000000003203210 code [0x0000000003203360, 0x0000000003203438]
Event: 1.544 Thread 0x0000000021fdf800 1570       3       org.apache.maven.model.ConfigurationContainer::setOtherLocation (35 bytes)
Event: 1.544 Thread 0x0000000021fdf800 nmethod 1570 0x0000000003209d50 code [0x0000000003209ee0, 0x000000000320a388]
Event: 1.544 Thread 0x0000000021fdf800 1571       3       org.apache.maven.model.ConfigurationContainer::setLocation (156 bytes)
Event: 1.545 Thread 0x0000000021f69800 1573       4       java.util.LinkedHashMap::get (33 bytes)
Event: 1.545 Thread 0x0000000021fdf800 nmethod 1571 0x0000000003208410 code [0x0000000003208660, 0x0000000003209778]
Event: 1.545 Thread 0x0000000021fdf800 1572       3       org.apache.maven.model.ConfigurationContainer::getLocation (147 bytes)

GC Heap History (0 events):
No events

Deoptimization events (20 events):
Event: 0.353 Thread 0x00000000029fe800 Uncommon trap: reason=unstable_if action=reinterpret pc=0x0000000002e23d80 method=java.lang.String.indexOf([CII[CIII)I @ 3
Event: 0.518 Thread 0x00000000029fe800 Uncommon trap: reason=unstable_if action=reinterpret pc=0x0000000002e568a8 method=org.codehaus.plexus.util.xml.pull.MXParser.more()C @ 8
Event: 0.561 Thread 0x00000000029fe800 Uncommon trap: reason=unstable_if action=reinterpret pc=0x0000000002f4dbe8 method=java.nio.charset.CoderResult.isOverflow()Z @ 5
Event: 0.598 Thread 0x00000000029fe800 Uncommon trap: reason=unstable_if action=reinterpret pc=0x0000000002f5d680 method=sun.nio.cs.StreamDecoder.implRead([CII)I @ 71
Event: 0.598 Thread 0x00000000029fe800 Uncommon trap: reason=unstable_if action=reinterpret pc=0x0000000002f655bc method=sun.nio.cs.StreamDecoder.implRead([CII)I @ 71
Event: 0.612 Thread 0x00000000029fe800 Uncommon trap: reason=unstable_if action=reinterpret pc=0x0000000002f75100 method=org.codehaus.plexus.util.xml.pull.MXParser.nextImpl()I @ 241
Event: 0.670 Thread 0x00000000029fe800 Uncommon trap: reason=range_check action=make_not_entrant pc=0x0000000002fc6628 method=sun.reflect.generics.parser.SignatureParser.current()C @ 34
Event: 1.384 Thread 0x00000000029fe800 Uncommon trap: reason=unstable_if action=reinterpret pc=0x00000000031a1204 method=org.eclipse.sisu.inject.InjectorBindings.isAssignableFrom(Lcom/google/inject/TypeLiteral;Lcom/google/inject/Binding;)Z @ 14
Event: 1.467 Thread 0x00000000029fe800 Uncommon trap: reason=unstable_if action=reinterpret pc=0x0000000002ef0d04 method=java.lang.AbstractStringBuilder.append(Ljava/lang/String;)Ljava/lang/AbstractStringBuilder; @ 1
Event: 1.467 Thread 0x00000000029fe800 Uncommon trap: reason=unstable_if action=reinterpret pc=0x0000000002ea0c7c method=java.lang.AbstractStringBuilder.append(Ljava/lang/String;)Ljava/lang/AbstractStringBuilder; @ 1
Event: 1.475 Thread 0x00000000029fe800 Uncommon trap: reason=unstable_if action=reinterpret pc=0x0000000002e3e508 method=java.lang.String.replace(CC)Ljava/lang/String; @ 2
Event: 1.477 Thread 0x00000000029fe800 Uncommon trap: reason=unstable_if action=reinterpret pc=0x0000000002eb0fec method=sun.misc.MetaIndex.mayContain(Ljava/lang/String;)Z @ 38
Event: 1.477 Thread 0x00000000029fe800 Uncommon trap: reason=unstable_if action=reinterpret pc=0x0000000002f92100 method=java.nio.charset.CharsetDecoder.decode(Ljava/nio/ByteBuffer;Ljava/nio/CharBuffer;Z)Ljava/nio/charset/CoderResult; @ 1
Event: 1.478 Thread 0x00000000029fe800 Uncommon trap: reason=unstable_if action=reinterpret pc=0x0000000002ee8bf0 method=sun.net.www.ParseUtil.encodePath(Ljava/lang/String;Z)Ljava/lang/String; @ 109
Event: 1.481 Thread 0x00000000029fe800 Uncommon trap: reason=bimorphic action=maybe_recompile pc=0x00000000031e19fc method=java.util.regex.Pattern$CharProperty.match(Ljava/util/regex/Matcher;ILjava/lang/CharSequence;)Z @ 37
Event: 1.483 Thread 0x00000000029fe800 Uncommon trap: reason=bimorphic action=maybe_recompile pc=0x00000000031e19fc method=java.util.regex.Pattern$CharProperty.match(Ljava/util/regex/Matcher;ILjava/lang/CharSequence;)Z @ 37
Event: 1.502 Thread 0x00000000029fe800 Uncommon trap: reason=predicate action=maybe_recompile pc=0x0000000002ff4278 method=java.lang.String.regionMatches(ZILjava/lang/String;II)Z @ 63
Event: 1.513 Thread 0x00000000029fe800 Uncommon trap: reason=bimorphic action=maybe_recompile pc=0x00000000031e19fc method=java.util.regex.Pattern$CharProperty.match(Ljava/util/regex/Matcher;ILjava/lang/CharSequence;)Z @ 37
Event: 1.513 Thread 0x00000000029fe800 Uncommon trap: reason=bimorphic action=maybe_recompile pc=0x00000000031e19fc method=java.util.regex.Pattern$CharProperty.match(Ljava/util/regex/Matcher;ILjava/lang/CharSequence;)Z @ 37
Event: 1.544 Thread 0x00000000029fe800 Uncommon trap: reason=unstable_if action=reinterpret pc=0x0000000003129d1c method=java.lang.String.substring(I)Ljava/lang/String; @ 35

Classes redefined (0 events):
No events

Internal exceptions (23 events):
Event: 0.031 Thread 0x00000000029fe800 Exception <a 'java/lang/NoSuchMethodError': Method sun.misc.Unsafe.defineClass(Ljava/lang/String;[BII)Ljava/lang/Class; name or signature does not match> (0x0000000741b07cc8) thrown at [C:\cygwin64\tmp\ojdkbuild\lookaside\java-1.8.0-openjdk\hotspot\src\sh
Event: 0.031 Thread 0x00000000029fe800 Exception <a 'java/lang/NoSuchMethodError': Method sun.misc.Unsafe.prefetchRead(Ljava/lang/Object;J)V name or signature does not match> (0x0000000741b07fb0) thrown at [C:\cygwin64\tmp\ojdkbuild\lookaside\java-1.8.0-openjdk\hotspot\src\share\vm\prims\jni.c
Event: 0.201 Thread 0x00000000029fe800 Exception <a 'java/security/PrivilegedActionException'> (0x00000007420c35e0) thrown at [C:\cygwin64\tmp\ojdkbuild\lookaside\java-1.8.0-openjdk\hotspot\src\share\vm\prims\jvm.cpp, line 1501]
Event: 0.201 Thread 0x00000000029fe800 Exception <a 'java/security/PrivilegedActionException'> (0x00000007420c37f0) thrown at [C:\cygwin64\tmp\ojdkbuild\lookaside\java-1.8.0-openjdk\hotspot\src\share\vm\prims\jvm.cpp, line 1501]
Event: 0.202 Thread 0x00000000029fe800 Exception <a 'java/security/PrivilegedActionException'> (0x00000007420c7840) thrown at [C:\cygwin64\tmp\ojdkbuild\lookaside\java-1.8.0-openjdk\hotspot\src\share\vm\prims\jvm.cpp, line 1501]
Event: 0.202 Thread 0x00000000029fe800 Exception <a 'java/security/PrivilegedActionException'> (0x00000007420c7a50) thrown at [C:\cygwin64\tmp\ojdkbuild\lookaside\java-1.8.0-openjdk\hotspot\src\share\vm\prims\jvm.cpp, line 1501]
Event: 0.202 Thread 0x00000000029fe800 Exception <a 'java/security/PrivilegedActionException'> (0x00000007420c9218) thrown at [C:\cygwin64\tmp\ojdkbuild\lookaside\java-1.8.0-openjdk\hotspot\src\share\vm\prims\jvm.cpp, line 1501]
Event: 0.202 Thread 0x00000000029fe800 Exception <a 'java/security/PrivilegedActionException'> (0x00000007420c9428) thrown at [C:\cygwin64\tmp\ojdkbuild\lookaside\java-1.8.0-openjdk\hotspot\src\share\vm\prims\jvm.cpp, line 1501]
Event: 0.505 Thread 0x00000000029fe800 Exception <a 'java/lang/ArrayIndexOutOfBoundsException'> (0x0000000742f23c68) thrown at [C:\cygwin64\tmp\ojdkbuild\lookaside\java-1.8.0-openjdk\hotspot\src\share\vm\runtime\sharedRuntime.cpp, line 615]
Event: 0.507 Thread 0x00000000029fe800 Exception <a 'java/lang/ArrayIndexOutOfBoundsException'> (0x0000000742f3f710) thrown at [C:\cygwin64\tmp\ojdkbuild\lookaside\java-1.8.0-openjdk\hotspot\src\share\vm\runtime\sharedRuntime.cpp, line 615]
Event: 0.511 Thread 0x00000000029fe800 Exception <a 'java/lang/ArrayIndexOutOfBoundsException'> (0x0000000742f81950) thrown at [C:\cygwin64\tmp\ojdkbuild\lookaside\java-1.8.0-openjdk\hotspot\src\share\vm\runtime\sharedRuntime.cpp, line 615]
Event: 0.622 Thread 0x00000000029fe800 Exception <a 'java/lang/ArrayIndexOutOfBoundsException'> (0x00000007438f0790) thrown at [C:\cygwin64\tmp\ojdkbuild\lookaside\java-1.8.0-openjdk\hotspot\src\share\vm\runtime\sharedRuntime.cpp, line 615]
Event: 0.623 Thread 0x00000000029fe800 Exception <a 'java/lang/ArrayIndexOutOfBoundsException'> (0x00000007438f2320) thrown at [C:\cygwin64\tmp\ojdkbuild\lookaside\java-1.8.0-openjdk\hotspot\src\share\vm\runtime\sharedRuntime.cpp, line 615]
Event: 0.670 Thread 0x00000000029fe800 Exception <a 'java/lang/ArrayIndexOutOfBoundsException': 66> (0x0000000743bdb948) thrown at [C:\cygwin64\tmp\ojdkbuild\lookaside\java-1.8.0-openjdk\hotspot\src\share\vm\interpreter\interpreterRuntime.cpp, line 371]
Event: 1.272 Thread 0x00000000029fe800 Exception <a 'java/lang/NoClassDefFoundError': com/google/inject/servlet/ServletModuleTargetVisitor> (0x00000007463e2610) thrown at [C:\cygwin64\tmp\ojdkbuild\lookaside\java-1.8.0-openjdk\hotspot\src\share\vm\classfile\systemDictionary.cpp, line 199]
Event: 1.272 Thread 0x00000000029fe800 Exception <a 'java/lang/NoClassDefFoundError'> (0x00000007463e2610) thrown at [C:\cygwin64\tmp\ojdkbuild\lookaside\java-1.8.0-openjdk\hotspot\src\share\vm\prims\jvm.cpp, line 1505]
Event: 1.273 Thread 0x00000000029fe800 Exception <a 'java/lang/NoClassDefFoundError': javax/annotation/Priority> (0x00000007463e7270) thrown at [C:\cygwin64\tmp\ojdkbuild\lookaside\java-1.8.0-openjdk\hotspot\src\share\vm\classfile\systemDictionary.cpp, line 199]
Event: 1.431 Thread 0x00000000029fe800 Exception <a 'java/lang/NullPointerException'> (0x00000007469c2278) thrown at [C:\cygwin64\tmp\ojdkbuild\lookaside\java-1.8.0-openjdk\hotspot\src\share\vm\interpreter\linkResolver.cpp, line 1185]
Event: 1.431 Thread 0x00000000029fe800 Exception <a 'java/lang/NullPointerException'> (0x00000007469c2490) thrown at [C:\cygwin64\tmp\ojdkbuild\lookaside\java-1.8.0-openjdk\hotspot\src\share\vm\interpreter\linkResolver.cpp, line 1185]
Event: 1.431 Thread 0x00000000029fe800 Exception <a 'java/lang/NullPointerException'> (0x00000007469c26a8) thrown at [C:\cygwin64\tmp\ojdkbuild\lookaside\java-1.8.0-openjdk\hotspot\src\share\vm\interpreter\linkResolver.cpp, line 1185]
Event: 1.432 Thread 0x00000000029fe800 Exception <a 'java/lang/NullPointerException'> (0x00000007469ca680) thrown at [C:\cygwin64\tmp\ojdkbuild\lookaside\java-1.8.0-openjdk\hotspot\src\share\vm\interpreter\linkResolver.cpp, line 1185]
Event: 1.432 Thread 0x00000000029fe800 Exception <a 'java/lang/NullPointerException'> (0x00000007469ca898) thrown at [C:\cygwin64\tmp\ojdkbuild\lookaside\java-1.8.0-openjdk\hotspot\src\share\vm\interpreter\linkResolver.cpp, line 1185]
Event: 1.432 Thread 0x00000000029fe800 Exception <a 'java/lang/NullPointerException'> (0x00000007469caab0) thrown at [C:\cygwin64\tmp\ojdkbuild\lookaside\java-1.8.0-openjdk\hotspot\src\share\vm\interpreter\linkResolver.cpp, line 1185]

Events (250 events):
Event: 1.442 loading class org/apache/maven/shared/utils/logging/AnsiMessageBuilder
Event: 1.442 loading class org/apache/maven/shared/utils/logging/AnsiMessageBuilder done
Event: 1.442 loading class org/apache/maven/shared/utils/logging/MessageBuilder
Event: 1.442 loading class org/apache/maven/shared/utils/logging/MessageBuilder done
Event: 1.443 loading class org/apache/maven/shared/utils/logging/Style
Event: 1.443 loading class org/apache/maven/shared/utils/logging/Style done
Event: 1.443 loading class org/fusesource/jansi/Ansi$Color
Event: 1.443 loading class org/fusesource/jansi/Ansi$Color done
Event: 1.444 loading class org/fusesource/jansi/Ansi$Attribute
Event: 1.444 loading class org/fusesource/jansi/Ansi$Attribute done
Event: 1.444 loading class org/slf4j/impl/OutputChoice$1
Event: 1.444 loading class org/slf4j/impl/OutputChoice$1 done
Event: 1.446 loading class org/apache/maven/project/DefaultProjectBuildingRequest
Event: 1.446 loading class org/apache/maven/project/DefaultProjectBuildingRequest done
Event: 1.447 loading class org/apache/maven/project/ProjectBuildingRequest$RepositoryMerging
Event: 1.447 loading class org/apache/maven/project/ProjectBuildingRequest$RepositoryMerging done
Event: 1.448 loading class org/apache/maven/artifact/repository/LegacyLocalRepositoryManager
Event: 1.448 loading class org/apache/maven/artifact/repository/LegacyLocalRepositoryManager done
Event: 1.450 loading class org/apache/maven/model/building/DefaultModelBuildingRequest
Event: 1.450 loading class org/apache/maven/model/building/DefaultModelBuildingRequest done
Event: 1.451 loading class org/apache/maven/project/ProjectModelResolver
Event: 1.451 loading class org/apache/maven/project/ProjectModelResolver done
Event: 1.452 loading class org/apache/maven/project/DefaultModelBuildingListener
Event: 1.452 loading class org/apache/maven/project/DefaultModelBuildingListener done
Event: 1.452 loading class org/apache/maven/model/building/AbstractModelBuildingListener
Event: 1.452 loading class org/apache/maven/model/building/AbstractModelBuildingListener done
Event: 1.453 loading class org/apache/maven/model/building/DefaultModelBuildingResult
Event: 1.453 loading class org/apache/maven/model/building/DefaultModelBuildingResult done
Event: 1.453 loading class java/util/EnumSet
Event: 1.453 loading class java/util/EnumSet done
Event: 1.454 loading class java/util/RegularEnumSet
Event: 1.454 loading class java/util/RegularEnumSet done
Event: 1.454 loading class org/apache/maven/model/building/FileModelSource
Event: 1.454 loading class org/apache/maven/model/building/FileModelSource done
Event: 1.455 loading class org/apache/maven/model/building/ModelSource2
Event: 1.455 loading class org/apache/maven/model/building/ModelSource2 done
Event: 1.455 loading class org/apache/maven/model/io/xpp3/MavenXpp3ReaderEx
Event: 1.455 loading class org/apache/maven/model/io/xpp3/MavenXpp3ReaderEx done
Event: 1.457 loading class org/apache/maven/model/io/xpp3/MavenXpp3ReaderEx$ContentTransformer
Event: 1.457 loading class org/apache/maven/model/io/xpp3/MavenXpp3ReaderEx$ContentTransformer done
Event: 1.458 loading class org/codehaus/plexus/util/xml/Xpp3DomBuilder$InputLocationBuilder
Event: 1.458 loading class org/codehaus/plexus/util/xml/Xpp3DomBuilder$InputLocationBuilder done
Event: 1.460 loading class org/apache/maven/model/io/xpp3/MavenXpp3ReaderEx$1
Event: 1.460 loading class org/apache/maven/model/io/xpp3/MavenXpp3ReaderEx$1 done
Event: 1.461 loading class org/apache/maven/model/Parent
Event: 1.461 loading class org/apache/maven/model/Parent done
Event: 1.462 loading class org/apache/maven/model/Exclusion
Event: 1.462 loading class org/apache/maven/model/Exclusion done
Event: 1.464 loading class org/apache/maven/model/io/xpp3/MavenXpp3ReaderEx$Xpp3DomBuilderInputLocationBuilder
Event: 1.464 loading class org/apache/maven/model/io/xpp3/MavenXpp3ReaderEx$Xpp3DomBuilderInputLocationBuilder done
Event: 1.466 loading class org/apache/maven/model/building/ModelProblemUtils
Event: 1.466 loading class org/apache/maven/model/building/ModelProblemUtils done
Event: 1.467 Thread 0x00000000029fe800 Uncommon trap: trap_request=0xffffff65 fr.pc=0x0000000002ef0d04
Event: 1.467 Thread 0x00000000029fe800 DEOPT PACKING pc=0x0000000002ef0d04 sp=0x0000000002b9e010
Event: 1.467 Thread 0x00000000029fe800 DEOPT UNPACKING pc=0x0000000002ce557b sp=0x0000000002b9dfa0 mode 2
Event: 1.467 Thread 0x00000000029fe800 Uncommon trap: trap_request=0xffffff65 fr.pc=0x0000000002ea0c7c
Event: 1.467 Thread 0x00000000029fe800 DEOPT PACKING pc=0x0000000002ea0c7c sp=0x0000000002b9dfb0
Event: 1.467 Thread 0x00000000029fe800 DEOPT UNPACKING pc=0x0000000002ce557b sp=0x0000000002b9dfa0 mode 2
Event: 1.470 loading class org/apache/maven/model/ActivationProperty
Event: 1.470 loading class org/apache/maven/model/ActivationProperty done
Event: 1.473 loading class org/apache/maven/model/merge/ModelMerger$DependencyKeyComputer
Event: 1.473 loading class org/apache/maven/model/merge/ModelMerger$DependencyKeyComputer done
Event: 1.473 loading class org/apache/maven/model/merge/ModelMerger$SourceDominant
Event: 1.473 loading class org/apache/maven/model/merge/ModelMerger$SourceDominant done
Event: 1.474 loading class org/apache/maven/model/building/ModelCacheTag$1
Event: 1.474 loading class org/apache/maven/model/building/ModelCacheTag$1 done
Event: 1.474 loading class org/apache/maven/model/building/ModelCacheTag$2
Event: 1.474 loading class org/apache/maven/model/building/ModelCacheTag$2 done
Event: 1.474 loading class org/apache/maven/project/ReactorModelCache$CacheKey
Event: 1.475 loading class org/apache/maven/project/ReactorModelCache$CacheKey done
Event: 1.475 Thread 0x00000000029fe800 Uncommon trap: trap_request=0xffffff65 fr.pc=0x0000000002e3e508
Event: 1.475 Thread 0x00000000029fe800 DEOPT PACKING pc=0x0000000002e3e508 sp=0x0000000002b9dff0
Event: 1.475 Thread 0x00000000029fe800 DEOPT UNPACKING pc=0x0000000002ce557b sp=0x0000000002b9df88 mode 2
Event: 1.476 loading class java/util/Collections$EmptyEnumeration
Event: 1.476 loading class java/util/Collections$EmptyEnumeration done
Event: 1.476 loading class java/util/Formatter
Event: 1.477 loading class java/util/Formatter done
Event: 1.477 loading class sun/text/resources/ru/FormatData_ru
Event: 1.477 loading class sun/text/resources/ru/FormatData_ru done
Event: 1.477 Thread 0x00000000029fe800 Uncommon trap: trap_request=0xffffff65 fr.pc=0x0000000002eb0fec
Event: 1.477 Thread 0x00000000029fe800 DEOPT PACKING pc=0x0000000002eb0fec sp=0x0000000002b9bc80
Event: 1.477 Thread 0x00000000029fe800 DEOPT UNPACKING pc=0x0000000002ce557b sp=0x0000000002b9bc10 mode 2
Event: 1.477 Thread 0x00000000029fe800 Uncommon trap: trap_request=0xffffff65 fr.pc=0x0000000002f92100
Event: 1.477 Thread 0x00000000029fe800 DEOPT PACKING pc=0x0000000002f92100 sp=0x0000000002b9ac20
Event: 1.477 Thread 0x00000000029fe800 DEOPT UNPACKING pc=0x0000000002ce557b sp=0x0000000002b9abc0 mode 2
Event: 1.478 Thread 0x00000000029fe800 Uncommon trap: trap_request=0xffffff65 fr.pc=0x0000000002ee8bf0
Event: 1.478 Thread 0x00000000029fe800 DEOPT PACKING pc=0x0000000002ee8bf0 sp=0x0000000002b9bb60
Event: 1.478 Thread 0x00000000029fe800 DEOPT UNPACKING pc=0x0000000002ce557b sp=0x0000000002b9bb00 mode 2
Event: 1.480 loading class sun/text/resources/ru/FormatData_ru_RU
Event: 1.480 loading class sun/text/resources/ru/FormatData_ru_RU done
Event: 1.480 loading class sun/util/resources/ru/CurrencyNames_ru_RU
Event: 1.480 loading class sun/util/resources/ru/CurrencyNames_ru_RU done
Event: 1.481 Thread 0x00000000029fe800 Uncommon trap: trap_request=0xffffffc6 fr.pc=0x00000000031e19fc
Event: 1.481 Thread 0x00000000029fe800 DEOPT PACKING pc=0x00000000031e19fc sp=0x0000000002b9d780
Event: 1.481 Thread 0x00000000029fe800 DEOPT UNPACKING pc=0x0000000002ce557b sp=0x0000000002b9d738 mode 2
Event: 1.481 loading class java/util/Formatter$FixedString
Event: 1.481 loading class java/util/Formatter$FormatString
Event: 1.481 loading class java/util/Formatter$FormatString done
Event: 1.481 loading class java/util/Formatter$FixedString done
Event: 1.481 loading class java/util/Formatter$FormatSpecifier
Event: 1.482 loading class java/util/Formatter$FormatSpecifier done
Event: 1.482 loading class java/util/Formatter$Flags
Event: 1.482 loading class java/util/Formatter$Flags done
Event: 1.482 loading class java/util/Formatter$Conversion
Event: 1.482 loading class java/util/Formatter$Conversion done
Event: 1.483 Thread 0x00000000029fe800 Uncommon trap: trap_request=0xffffffc6 fr.pc=0x00000000031e19fc
Event: 1.483 Thread 0x00000000029fe800 DEOPT PACKING pc=0x00000000031e19fc sp=0x0000000002b9d760
Event: 1.483 Thread 0x00000000029fe800 DEOPT UNPACKING pc=0x0000000002ce557b sp=0x0000000002b9d718 mode 2
Event: 1.483 loading class java/util/Formattable
Event: 1.483 loading class java/util/Formattable done
Event: 1.483 loading class org/eclipse/aether/artifact/DefaultArtifact
Event: 1.483 loading class org/eclipse/aether/artifact/DefaultArtifact done
Event: 1.484 loading class org/eclipse/aether/artifact/AbstractArtifact
Event: 1.484 loading class org/eclipse/aether/artifact/AbstractArtifact done
Event: 1.485 loading class org/eclipse/aether/util/version/GenericVersionScheme
Event: 1.485 loading class org/eclipse/aether/util/version/GenericVersionScheme done
Event: 1.486 loading class org/eclipse/aether/version/VersionRange
Event: 1.486 loading class org/eclipse/aether/version/VersionRange done
Event: 1.486 loading class org/eclipse/aether/version/VersionConstraint
Event: 1.486 loading class org/eclipse/aether/version/VersionConstraint done
Event: 1.487 loading class org/eclipse/aether/util/version/GenericVersionConstraint
Event: 1.487 loading class org/eclipse/aether/util/version/GenericVersionConstraint done
Event: 1.487 loading class org/eclipse/aether/util/version/GenericVersion
Event: 1.487 loading class org/eclipse/aether/util/version/GenericVersion done
Event: 1.488 loading class org/eclipse/aether/util/version/GenericVersion$Tokenizer
Event: 1.488 loading class org/eclipse/aether/util/version/GenericVersion$Tokenizer done
Event: 1.488 loading class org/eclipse/aether/util/version/GenericVersion$Item
Event: 1.488 loading class org/eclipse/aether/util/version/GenericVersion$Item done
Event: 1.489 loading class org/apache/maven/project/ReactorModelPool$CacheKey
Event: 1.489 loading class org/apache/maven/project/ReactorModelPool$CacheKey done
Event: 1.489 loading class java/util/Collections$SingletonSet
Event: 1.490 loading class java/util/Collections$SingletonSet done
Event: 1.490 loading class org/eclipse/aether/internal/impl/DefaultSyncContextFactory$DefaultSyncContext
Event: 1.490 loading class org/eclipse/aether/internal/impl/DefaultSyncContextFactory$DefaultSyncContext done
Event: 1.490 loading class java/util/Collections$1
Event: 1.490 loading class java/util/Collections$1 done
Event: 1.490 loading class org/eclipse/aether/RepositoryEvent$Builder
Event: 1.490 loading class org/eclipse/aether/RepositoryEvent$Builder done
Event: 1.490 loading class org/eclipse/aether/RepositoryEvent$EventType
Event: 1.490 loading class org/eclipse/aether/RepositoryEvent$EventType done
Event: 1.491 loading class org/eclipse/aether/internal/impl/DefaultRepositoryEventDispatcher$1
Event: 1.491 loading class org/eclipse/aether/internal/impl/DefaultRepositoryEventDispatcher$1 done
Event: 1.492 loading class org/apache/maven/repository/internal/DefaultVersionResolver$Key
Event: 1.492 loading class org/apache/maven/repository/internal/DefaultVersionResolver$Key done
Event: 1.492 loading class org/eclipse/aether/repository/LocalArtifactRequest
Event: 1.492 loading class org/eclipse/aether/repository/LocalArtifactRequest done
Event: 1.494 loading class sun/nio/ch/FileChannelImpl
Event: 1.494 loading class java/nio/channels/FileChannel
Event: 1.494 loading class java/nio/channels/SeekableByteChannel
Event: 1.494 loading class java/nio/channels/ByteChannel
Event: 1.494 loading class java/nio/channels/ByteChannel done
Event: 1.494 loading class java/nio/channels/SeekableByteChannel done
Event: 1.494 loading class java/nio/channels/GatheringByteChannel
Event: 1.494 loading class java/nio/channels/GatheringByteChannel done
Event: 1.494 loading class java/nio/channels/ScatteringByteChannel
Event: 1.494 loading class java/nio/channels/ScatteringByteChannel done
Event: 1.495 loading class java/nio/channels/spi/AbstractInterruptibleChannel
Event: 1.495 loading class java/nio/channels/InterruptibleChannel
Event: 1.495 loading class java/nio/channels/InterruptibleChannel done
Event: 1.495 loading class java/nio/channels/spi/AbstractInterruptibleChannel done
Event: 1.495 loading class java/nio/channels/FileChannel done
Event: 1.495 loading class sun/nio/ch/FileChannelImpl done
Event: 1.495 loading class java/nio/file/attribute/FileAttribute
Event: 1.495 loading class java/nio/file/attribute/FileAttribute done
Event: 1.495 loading class sun/nio/ch/IOUtil
Event: 1.496 loading class sun/nio/ch/IOUtil done
Event: 1.496 loading class sun/nio/ch/IOUtil$1
Event: 1.496 loading class sun/nio/ch/IOUtil$1 done
Event: 1.500 loading class java/net/InetAddress
Event: 1.501 loading class java/net/InetAddress done
Event: 1.501 loading class java/net/InetAddress$1
Event: 1.501 loading class java/net/InetAddress$1 done
Event: 1.501 loading class java/net/InetAddress$InetAddressHolder
Event: 1.501 loading class java/net/InetAddress$InetAddressHolder done
Event: 1.501 loading class java/net/InetAddress$Cache
Event: 1.501 loading class java/net/InetAddress$Cache done
Event: 1.501 loading class java/net/InetAddress$Cache$Type
Event: 1.501 loading class java/net/InetAddress$Cache$Type done
Event: 1.501 loading class java/net/InetAddressImplFactory
Event: 1.502 loading class java/net/InetAddressImplFactory done
Event: 1.502 loading class java/net/Inet6AddressImpl
Event: 1.502 loading class java/net/InetAddressImpl
Event: 1.502 loading class java/net/InetAddressImpl done
Event: 1.502 loading class java/net/Inet6AddressImpl done
Event: 1.502 Thread 0x00000000029fe800 Uncommon trap: trap_request=0xffffff86 fr.pc=0x0000000002ff4278
Event: 1.502 Thread 0x00000000029fe800 DEOPT PACKING pc=0x0000000002ff4278 sp=0x0000000002b9bd90
Event: 1.502 Thread 0x00000000029fe800 DEOPT UNPACKING pc=0x0000000002ce557b sp=0x0000000002b9bd20 mode 2
Event: 1.502 loading class java/net/InetAddress$2
Event: 1.502 loading class sun/net/spi/nameservice/NameService
Event: 1.502 loading class sun/net/spi/nameservice/NameService done
Event: 1.502 loading class java/net/InetAddress$2 done
Event: 1.503 loading class java/net/Inet4Address
Event: 1.503 loading class java/net/Inet4Address done
Event: 1.503 loading class java/net/Inet6Address
Event: 1.503 loading class java/net/Inet6Address done
Event: 1.503 loading class java/net/Inet6Address$Inet6AddressHolder
Event: 1.504 loading class java/net/Inet6Address$Inet6AddressHolder done
Event: 1.504 loading class sun/nio/ch/NativeThreadSet
Event: 1.504 loading class sun/nio/ch/NativeThreadSet done
Event: 1.504 loading class sun/nio/ch/FileDispatcherImpl
Event: 1.504 loading class sun/nio/ch/FileDispatcher
Event: 1.504 loading class sun/nio/ch/NativeDispatcher
Event: 1.504 loading class sun/nio/ch/NativeDispatcher done
Event: 1.505 loading class sun/nio/ch/FileDispatcher done
Event: 1.505 loading class sun/nio/ch/FileDispatcherImpl done
Event: 1.505 loading class sun/nio/ch/FileDispatcherImpl$1
Event: 1.505 loading class sun/nio/ch/FileDispatcherImpl$1 done
Event: 1.505 loading class sun/nio/ch/FileLockImpl
Event: 1.505 loading class java/nio/channels/FileLock
Event: 1.505 loading class java/nio/channels/FileLock done
Event: 1.505 loading class sun/nio/ch/FileLockImpl done
Event: 1.506 loading class sun/nio/ch/NativeThread
Event: 1.506 loading class sun/nio/ch/NativeThread done
Event: 1.506 loading class sun/nio/ch/FileLockTable
Event: 1.506 loading class sun/nio/ch/FileLockTable done
Event: 1.506 loading class sun/nio/ch/SharedFileLockTable
Event: 1.506 loading class sun/nio/ch/SharedFileLockTable done
Event: 1.506 loading class sun/nio/ch/FileKey
Event: 1.506 loading class sun/nio/ch/FileKey done
Event: 1.506 loading class sun/nio/ch/SharedFileLockTable$FileLockReference
Event: 1.506 loading class sun/nio/ch/SharedFileLockTable$FileLockReference done
Event: 1.506 loading class java/nio/channels/spi/AbstractInterruptibleChannel$1
Event: 1.506 loading class sun/nio/ch/Interruptible
Event: 1.506 loading class sun/nio/ch/Interruptible done
Event: 1.506 loading class java/nio/channels/spi/AbstractInterruptibleChannel$1 done
Event: 1.507 loading class org/apache/maven/model/building/DefaultModelBuilder$1
Event: 1.507 loading class org/apache/maven/model/building/DefaultModelBuilder$1 done
Event: 1.508 loading class org/apache/maven/model/building/FilterModelBuildingRequest
Event: 1.508 loading class org/apache/maven/model/building/FilterModelBuildingRequest done
Event: 1.513 Thread 0x00000000029fe800 Uncommon trap: trap_request=0xffffffc6 fr.pc=0x00000000031e19fc
Event: 1.513 Thread 0x00000000029fe800 DEOPT PACKING pc=0x00000000031e19fc sp=0x0000000002b9d760
Event: 1.513 Thread 0x00000000029fe800 DEOPT UNPACKING pc=0x0000000002ce557b sp=0x0000000002b9d718 mode 2
Event: 1.513 Thread 0x00000000029fe800 Uncommon trap: trap_request=0xffffffc6 fr.pc=0x00000000031e19fc
Event: 1.513 Thread 0x00000000029fe800 DEOPT PACKING pc=0x00000000031e19fc sp=0x0000000002b9d760
Event: 1.513 Thread 0x00000000029fe800 DEOPT UNPACKING pc=0x0000000002ce557b sp=0x0000000002b9d718 mode 2
Event: 1.516 loading class org/apache/maven/model/License
Event: 1.516 loading class org/apache/maven/model/License done
Event: 1.518 loading class org/apache/maven/model/Scm
Event: 1.518 loading class org/apache/maven/model/Scm done
Event: 1.520 loading class org/apache/maven/model/DependencyManagement
Event: 1.520 loading class org/apache/maven/model/DependencyManagement done
Event: 1.539 loading class org/apache/maven/model/merge/ModelMerger$ResourceKeyComputer
Event: 1.539 loading class org/apache/maven/model/merge/ModelMerger$ResourceKeyComputer done
Event: 1.539 loading class org/apache/maven/model/merge/ModelMerger$MergingList
Event: 1.539 loading class org/apache/maven/model/merge/ModelMerger$MergingList done
Event: 1.540 loading class org/apache/maven/model/merge/ModelMerger$ExtensionKeyComputer
Event: 1.540 loading class org/apache/maven/model/merge/ModelMerger$ExtensionKeyComputer done
Event: 1.544 Thread 0x00000000029fe800 Uncommon trap: trap_request=0xffffff65 fr.pc=0x0000000003129d1c
Event: 1.544 Thread 0x00000000029fe800 DEOPT PACKING pc=0x0000000003129d1c sp=0x0000000002b9e050
Event: 1.544 Thread 0x00000000029fe800 DEOPT UNPACKING pc=0x0000000002ce557b sp=0x0000000002b9e040 mode 2


Dynamic libraries:
0x00007ff7145d0000 - 0x00007ff71465b000 	C:\Program Files\Java\java-1.8.0-openjdk-1.8.0.242-3\jre\bin\java.exe
0x00007ff923080000 - 0x00007ff923270000 	C:\Windows\SYSTEM32\ntdll.dll
0x00007ff921810000 - 0x00007ff9218c2000 	C:\Windows\System32\KERNEL32.DLL
0x00007ff9206a0000 - 0x00007ff920944000 	C:\Windows\System32\KERNELBASE.dll
0x0000000065010000 - 0x00000000650a3000 	C:\Windows\System32\SYSFER.DLL
0x00007ff922130000 - 0x00007ff9221d3000 	C:\Windows\System32\ADVAPI32.dll
0x00007ff922250000 - 0x00007ff9222ee000 	C:\Windows\System32\msvcrt.dll
0x00007ff922c10000 - 0x00007ff922ca7000 	C:\Windows\System32\sechost.dll
0x00007ff9222f0000 - 0x00007ff922410000 	C:\Windows\System32\RPCRT4.dll
0x00007ff922a00000 - 0x00007ff922b94000 	C:\Windows\System32\USER32.dll
0x00007ff9202f0000 - 0x00007ff920311000 	C:\Windows\System32\win32u.dll
0x00007ff922420000 - 0x00007ff922446000 	C:\Windows\System32\GDI32.dll
0x00007ff920030000 - 0x00007ff9201c4000 	C:\Windows\System32\gdi32full.dll
0x00007ff920250000 - 0x00007ff9202ee000 	C:\Windows\System32\msvcp_win.dll
0x00007ff920470000 - 0x00007ff92056a000 	C:\Windows\System32\ucrtbase.dll
0x00007ff912e90000 - 0x00007ff913114000 	C:\Windows\WinSxS\amd64_microsoft.windows.common-controls_6595b64144ccf1df_6.0.18362.836_none_e6c4b943130f18ed\COMCTL32.dll
0x00007ff921210000 - 0x00007ff921546000 	C:\Windows\System32\combase.dll
0x00007ff920620000 - 0x00007ff9206a0000 	C:\Windows\System32\bcryptPrimitives.dll
0x00007ff921710000 - 0x00007ff92173e000 	C:\Windows\System32\IMM32.DLL
0x0000000064c70000 - 0x0000000064d42000 	C:\Program Files\Java\java-1.8.0-openjdk-1.8.0.242-3\jre\bin\msvcr100.dll
0x00000000643a0000 - 0x0000000064c65000 	C:\Program Files\Java\java-1.8.0-openjdk-1.8.0.242-3\jre\bin\server\jvm.dll
0x00007ff922410000 - 0x00007ff922418000 	C:\Windows\System32\PSAPI.DLL
0x00007ff907f80000 - 0x00007ff907f89000 	C:\Windows\SYSTEM32\WSOCK32.dll
0x00007ff922ba0000 - 0x00007ff922c0f000 	C:\Windows\System32\WS2_32.dll
0x00007ff91cef0000 - 0x00007ff91cf14000 	C:\Windows\SYSTEM32\WINMM.dll
0x00007ff9156d0000 - 0x00007ff9156da000 	C:\Windows\SYSTEM32\VERSION.dll
0x00007ff91cec0000 - 0x00007ff91ceed000 	C:\Windows\SYSTEM32\WINMMBASE.dll
0x00007ff9201d0000 - 0x00007ff92021a000 	C:\Windows\System32\cfgmgr32.dll
0x00007ff8fb380000 - 0x00007ff8fb38f000 	C:\Program Files\Java\java-1.8.0-openjdk-1.8.0.242-3\jre\bin\verify.dll
0x00007ff8d8990000 - 0x00007ff8d89b9000 	C:\Program Files\Java\java-1.8.0-openjdk-1.8.0.242-3\jre\bin\java.dll
0x00007ff8d8970000 - 0x00007ff8d8986000 	C:\Program Files\Java\java-1.8.0-openjdk-1.8.0.242-3\jre\bin\zip.dll
0x00007ff921a40000 - 0x00007ff922124000 	C:\Windows\System32\SHELL32.dll
0x00007ff922e60000 - 0x00007ff922f09000 	C:\Windows\System32\shcore.dll
0x00007ff920950000 - 0x00007ff9210ce000 	C:\Windows\System32\windows.storage.dll
0x00007ff91ffc0000 - 0x00007ff91ffe3000 	C:\Windows\System32\profapi.dll
0x00007ff91ff70000 - 0x00007ff91ffba000 	C:\Windows\System32\powrprof.dll
0x00007ff91ff40000 - 0x00007ff91ff50000 	C:\Windows\System32\UMPDC.dll
0x00007ff922f10000 - 0x00007ff922f62000 	C:\Windows\System32\shlwapi.dll
0x00007ff91fff0000 - 0x00007ff920001000 	C:\Windows\System32\kernel.appcore.dll
0x00007ff920010000 - 0x00007ff920027000 	C:\Windows\System32\cryptsp.dll
0x00007ff8fafa0000 - 0x00007ff8fafaa000 	D:\Dev\apache-maven-3.6.3\lib\jansi-native\windows64\jansi.dll
0x00007ff8d8690000 - 0x00007ff8d86aa000 	C:\Program Files\Java\java-1.8.0-openjdk-1.8.0.242-3\jre\bin\net.dll
0x00007ff91f750000 - 0x00007ff91f7b7000 	C:\Windows\system32\mswsock.dll
0x00007ff8d8670000 - 0x00007ff8d8681000 	C:\Program Files\Java\java-1.8.0-openjdk-1.8.0.242-3\jre\bin\nio.dll
0x00007ff91e6b0000 - 0x00007ff91e8a4000 	C:\Windows\SYSTEM32\dbghelp.dll

VM Arguments:
jvm_args: -Dclassworlds.conf=D:\Dev\apache-maven-3.6.3\bin\..\bin\m2.conf -Dmaven.home=D:\Dev\apache-maven-3.6.3\bin\.. -Dlibrary.jansi.path=D:\Dev\apache-maven-3.6.3\bin\..\lib\jansi-native -Dmaven.multiModuleProjectDirectory=d:\Project\IBM\DEV\bfg-ui\bfg-main 
java_command: org.codehaus.plexus.classworlds.launcher.Launcher help:effective-pom -Doutput=c:\Users\IPinchuk\AppData\Roaming\Code\User\workspaceStorage\dad6965fa057b5f1bcedb3ee69f375c5\vscjava.vscode-maven\6e8a5459f28be196bd024bc26722e46c -f d:\Project\IBM\DEV\bfg-ui\bfg-main\bfg-api\pom.xml
java_class_path (initial): D:\Dev\apache-maven-3.6.3\bin\..\boot\plexus-classworlds-2.6.0.jar
Launcher Type: SUN_STANDARD

Environment Variables:
JAVA_HOME=C:\Program Files\Java\java-1.8.0-openjdk-1.8.0.242-3\jre
PATH=C:\Python38\Scripts\;C:\Python38\;C:\Program Files\Java\java-1.8.0-openjdk-1.8.0.242-3\jre\bin;C:\Program Files (x86)\PuTTY\;C:\ProgramData\chocolatey\bin;C:\Program Files\nodejs;C:\Program Files\Git\cmd;C:\Program Files\Git\bin\git.exe;D:\Dev\apache-maven-3.6.3\bin;C:\Windows\system32;C:\Users\IPinchuk\AppData\Local\Microsoft\WindowsApps;C:\Users\IPinchuk\AppData\Roaming\npm;D:\Dev\IDE\Microsoft VS Code\bin;C:\Users\IPinchuk\AppData\Local\GitHubDesktop\bin;D:\Dev\IDE\IntelliJ IDEA Community Edition 2020.1.1\bin;
USERNAME=IPinchuk
OS=Windows_NT
PROCESSOR_IDENTIFIER=Intel64 Family 6 Model 58 Stepping 9, GenuineIntel



---------------  S Y S T E M  ---------------

OS: Windows 10.0 , 64 bit Build 18362 (10.0.18362.778)

CPU:total 8 (initial active 8) (4 cores per cpu, 2 threads per core) family 6 model 58 stepping 9, cmov, cx8, fxsr, mmx, sse, sse2, sse3, ssse3, sse4.1, sse4.2, popcnt, avx, aes, clmul, erms, ht, tsc, tscinvbit, tscinv

Memory: 4k page, physical 24837412k(19679748k free), swap 28507428k(22795988k free)

vm_info: OpenJDK 64-Bit Server VM (25.242-b08) for windows-amd64 JRE (1.8.0_242-b08), built on Jan 18 2020 12:50:42 by "build" with MS VC++ 10.0 (VS2010)

time: Fri May 22 10:33:44 2020
timezone: Belarus Standard Time
elapsed time: 1 seconds (0d 0h 0m 1s)

