#
# A fatal error has been detected by the Java Runtime Environment:
#
#  EXCEPTION_ACCESS_VIOLATION (0xc0000005) at pc=0x000000000388d719, pid=10896, tid=0x00000000000016a0
#
# JRE version: OpenJDK Runtime Environment (8.0_242-b08) (build 1.8.0_242-b08)
# Java VM: OpenJDK 64-Bit Server VM (25.242-b08 mixed mode windows-amd64 compressed oops)
# Problematic frame:
# J 1671 C1 org.apache.maven.model.merge.ModelMerger.merge(Ljava/util/List;Ljava/util/List;Lorg/apache/maven/model/merge/ModelMerger$KeyComputer;Lorg/apache/maven/model/merge/ModelMerger$Remapping;)Ljava/util/List; (74 bytes) @ 0x000000000388d719 [0x000000000388d6c0+0x59]
#
# Failed to write core dump. Minidumps are not enabled by default on client versions of Windows
#
# If you would like to submit a bug report, please visit:
#   
#

---------------  T H R E A D  ---------------

Current thread (0x0000000002fce800):  JavaThread "main" [_thread_in_Java, id=5792, stack(0x00000000030c0000,0x00000000031c0000)]

siginfo: ExceptionCode=0xc0000005, reading address 0x0000000400000000

Registers:
RAX=0x0000000743477138, RBX=0x00000000000005d8, RCX=0x0000000000000000, RDX=0x0000000743477110
RSP=0x00000000031bd5b0, RBP=0x00000000031bda10, RSI=0x0000000025d7dae0, RDI=0x0000000743477138
R8 =0x0000000400000000, R9 =0x0000000743477128, R10=0x00000000e8f79ac0, R11=0x0000000400000000
R12=0x0000000000000000, R13=0x0000000747bcd600, R14=0x0000000743477128, R15=0x0000000002fce800
RIP=0x000000000388d719, EFLAGS=0x0000000000010206

Top of Stack: (sp=0x00000000031bd5b0)
0x00000000031bd5b0:   00000007434760f0 0000000743476100
0x00000000031bd5c0:   00000000031bda10 000000000383cd7c
0x00000000031bd5d0:   0000000743476fb0 0000000700000001
0x00000000031bd5e0:   00000000031bdb10 0000000747b6a0c0
0x00000000031bd5f0:   0000000000000000 0000000743476fe0
0x00000000031bd600:   0000000747b564d0 000000074346a3f0
0x00000000031bd610:   0000000747b564d0 00000000038bd354
0x00000000031bd620:   00000000031bda10 00000000038c9164
0x00000000031bd630:   0000000743474f08 0000000743476010
0x00000000031bd640:   0000000743477110 0000000743476ec0
0x00000000031bd650:   0000000743477128 0000000743477138
0x00000000031bd660:   00000000031bdb10 00000000038cbe54
0x00000000031bd670:   0000000743476f38 0000000747b564d0
0x00000000031bd680:   0000000743476f38 0000000000000000
0x00000000031bd690:   00000000031bda10 000000000393b46c
0x00000000031bd6a0:   00000000031bdb10 000000000388d7cc 

Instructions: (pc=0x000000000388d719)
0x000000000388d6f9:   be e0 da d7 25 00 00 00 00 81 e3 f8 1f 00 00 83
0x000000000388d709:   fb 00 0f 84 ec 08 00 00 48 89 bc 24 a8 00 00 00
0x000000000388d719:   49 3b 00 49 8b f0 48 bb 60 01 0d 26 00 00 00 00
0x000000000388d729:   8b 76 08 48 c1 e6 03 48 3b b3 10 01 00 00 75 0d 


Register to memory mapping:

RAX=0x0000000743477138 is an oop
org.apache.maven.model.merge.ModelMerger$SourceDominant 
 - klass: 'org/apache/maven/model/merge/ModelMerger$SourceDominant'
RBX=0x00000000000005d8 is an unknown value
RCX=0x0000000000000000 is an unknown value
RDX=0x0000000743477110 is an oop
java.util.ArrayList 
 - klass: 'java/util/ArrayList'
RSP=0x00000000031bd5b0 is pointing into the stack for thread: 0x0000000002fce800
RBP=0x00000000031bda10 is pointing into the stack for thread: 0x0000000002fce800
RSI={method} {0x0000000025d7dae8} 'merge' '(Ljava/util/List;Ljava/util/List;Lorg/apache/maven/model/merge/ModelMerger$KeyComputer;Lorg/apache/maven/model/merge/ModelMerger$Remapping;)Ljava/util/List;' in 'org/apache/maven/model/merge/ModelMerger'
RDI=0x0000000743477138 is an oop
org.apache.maven.model.merge.ModelMerger$SourceDominant 
 - klass: 'org/apache/maven/model/merge/ModelMerger$SourceDominant'
R8 =0x0000000400000000 is an unknown value
R9 =0x0000000743477128 is an oop
org.apache.maven.model.merge.ModelMerger$DependencyKeyComputer 
 - klass: 'org/apache/maven/model/merge/ModelMerger$DependencyKeyComputer'
R10=0x00000000e8f79ac0 is an unknown value
R11=0x0000000400000000 is an unknown value
R12=0x0000000000000000 is an unknown value
R13=0x0000000747bcd600 is an oop
org.apache.maven.model.inheritance.DefaultInheritanceAssembler$InheritanceModelMerger 
 - klass: 'org/apache/maven/model/inheritance/DefaultInheritanceAssembler$InheritanceModelMerger'
R14=0x0000000743477128 is an oop
org.apache.maven.model.merge.ModelMerger$DependencyKeyComputer 
 - klass: 'org/apache/maven/model/merge/ModelMerger$DependencyKeyComputer'
R15=0x0000000002fce800 is a thread


Stack: [0x00000000030c0000,0x00000000031c0000],  sp=0x00000000031bd5b0,  free space=1013k
Native frames: (J=compiled Java code, j=interpreted, Vv=VM code, C=native code)
C  0x000000000388d719


---------------  P R O C E S S  ---------------

Java Threads: ( => current thread )
  0x0000000022642800 JavaThread "Service Thread" daemon [_thread_blocked, id=11748, stack(0x0000000024060000,0x0000000024160000)]
  0x0000000022557000 JavaThread "C1 CompilerThread3" daemon [_thread_blocked, id=13472, stack(0x0000000023f60000,0x0000000024060000)]
  0x00000000225a7800 JavaThread "C2 CompilerThread2" daemon [_thread_in_native, id=7740, stack(0x0000000023e60000,0x0000000023f60000)]
  0x0000000022556000 JavaThread "C2 CompilerThread1" daemon [_thread_in_native, id=7064, stack(0x0000000023d60000,0x0000000023e60000)]
  0x0000000022554000 JavaThread "C2 CompilerThread0" daemon [_thread_blocked, id=14284, stack(0x0000000023c60000,0x0000000023d60000)]
  0x0000000022551800 JavaThread "Attach Listener" daemon [_thread_blocked, id=10800, stack(0x0000000023b60000,0x0000000023c60000)]
  0x0000000022548000 JavaThread "Signal Dispatcher" daemon [_thread_blocked, id=14264, stack(0x0000000023a60000,0x0000000023b60000)]
  0x000000002253a800 JavaThread "Finalizer" daemon [_thread_blocked, id=11384, stack(0x0000000023860000,0x0000000023960000)]
  0x0000000022533000 JavaThread "Reference Handler" daemon [_thread_blocked, id=5056, stack(0x0000000023760000,0x0000000023860000)]
=>0x0000000002fce800 JavaThread "main" [_thread_in_Java, id=5792, stack(0x00000000030c0000,0x00000000031c0000)]

Other Threads:
  0x00000000215a9000 VMThread [stack: 0x0000000023660000,0x0000000023760000] [id=10844]
  0x00000000225c2000 WatcherThread [stack: 0x0000000024160000,0x0000000024260000] [id=17488]

VM state:not at safepoint (normal execution)

VM Mutex/Monitor currently owned by a thread: None

heap address: 0x0000000645000000, size: 6064 MB, Compressed Oops mode: Zero based, Oop shift amount: 3
Narrow klass base: 0x0000000000000000, Narrow klass shift: 3
Compressed class space size: 1073741824 Address: 0x00000007c0000000

Heap:
 PSYoungGen      total 113664K, used 41834K [0x0000000741b00000, 0x000000074f900000, 0x00000007c0000000)
  eden space 97792K, 26% used [0x0000000741b00000,0x0000000743488678,0x0000000747a80000)
  from space 15872K, 98% used [0x0000000747a80000,0x00000007489d2280,0x0000000748a00000)
  to   space 15872K, 0% used [0x000000074e980000,0x000000074e980000,0x000000074f900000)
 ParOldGen       total 259584K, used 16K [0x0000000645000000, 0x0000000654d80000, 0x0000000741b00000)
  object space 259584K, 0% used [0x0000000645000000,0x0000000645004000,0x0000000654d80000)
 Metaspace       used 15954K, capacity 16164K, committed 16256K, reserved 1062912K
  class space    used 1795K, capacity 1880K, committed 1920K, reserved 1048576K

Card table byte_map: [0x0000000012680000,0x0000000013260000] byte_map_base: 0x000000000f458000

Marking Bits: (ParMarkBitMap*) 0x0000000064be1f30
 Begin Bits: [0x0000000014250000, 0x000000001a110000)
 End Bits:   [0x000000001a110000, 0x000000001ffd0000)

Polling page: 0x0000000000fd0000

CodeCache: size=245760Kb used=7872Kb max_used=7884Kb free=237887Kb
 bounds [0x00000000032c0000, 0x0000000003a80000, 0x00000000122c0000]
 total_blobs=2615 nmethods=2257 adapters=271
 compilation: enabled

Compilation events (250 events):
Event: 2.848 Thread 0x0000000022557000 2131   !   3       java.io.FileInputStream::close (62 bytes)
Event: 2.849 Thread 0x0000000022557000 nmethod 2131 0x0000000003a18cd0 code [0x0000000003a18e60, 0x0000000003a194f8]
Event: 2.849 Thread 0x0000000022557000 2132       1       org.eclipse.aether.DefaultRepositorySystemSession::getRepositoryListener (5 bytes)
Event: 2.849 Thread 0x0000000022557000 nmethod 2132 0x0000000003a196d0 code [0x0000000003a19820, 0x0000000003a19930]
Event: 2.849 Thread 0x0000000022557000 2133       3       java.io.FileInputStream::available (5 bytes)
Event: 2.849 Thread 0x0000000022557000 nmethod 2133 0x0000000003a19d10 code [0x0000000003a19e80, 0x0000000003a1a008]
Event: 2.852 Thread 0x0000000022557000 2135       1       org.apache.maven.model.profile.DefaultProfileActivationContext::getActiveProfileIds (5 bytes)
Event: 2.852 Thread 0x0000000022557000 nmethod 2135 0x0000000003a1a090 code [0x0000000003a1a1e0, 0x0000000003a1a2f0]
Event: 2.852 Thread 0x0000000022557000 2137       3       java.util.Properties::<init> (6 bytes)
Event: 2.852 Thread 0x0000000022557000 nmethod 2137 0x0000000003a1a350 code [0x0000000003a1a4e0, 0x0000000003a1a768]
Event: 2.852 Thread 0x0000000022557000 2139       3       org.codehaus.plexus.util.xml.Xpp3Dom::mergeIntoXpp3Dom (490 bytes)
Event: 2.856 Thread 0x0000000022557000 nmethod 2139 0x0000000003a1a890 code [0x0000000003a1aea0, 0x0000000003a1ef58]
Event: 2.856 Thread 0x0000000022557000 2138       3       java.util.Properties::<init> (10 bytes)
Event: 2.856 Thread 0x0000000022557000 nmethod 2138 0x0000000003a21090 code [0x0000000003a21220, 0x0000000003a21448]
Event: 2.856 Thread 0x0000000022557000 2140       1       org.apache.maven.model.ReportPlugin::getGroupId (5 bytes)
Event: 2.856 Thread 0x0000000022557000 nmethod 2140 0x0000000003a21510 code [0x0000000003a21660, 0x0000000003a21770]
Event: 2.856 Thread 0x0000000022557000 2141       1       org.apache.maven.model.ReportPlugin::getArtifactId (5 bytes)
Event: 2.856 Thread 0x0000000022557000 nmethod 2141 0x0000000003a217d0 code [0x0000000003a21920, 0x0000000003a21a30]
Event: 2.856 Thread 0x0000000022557000 2142       1       org.apache.maven.model.ReportPlugin::getVersion (5 bytes)
Event: 2.856 Thread 0x0000000022557000 nmethod 2142 0x0000000003a21a90 code [0x0000000003a21be0, 0x0000000003a21cf0]
Event: 2.856 Thread 0x0000000022557000 2136       1       org.apache.maven.model.profile.DefaultProfileActivationContext::getInactiveProfileIds (5 bytes)
Event: 2.856 Thread 0x0000000022557000 nmethod 2136 0x0000000003a21d50 code [0x0000000003a21ea0, 0x0000000003a21fb0]
Event: 2.856 Thread 0x0000000022557000 2144       1       org.apache.maven.model.Scm::getConnection (5 bytes)
Event: 2.857 Thread 0x0000000022557000 nmethod 2144 0x0000000003a22010 code [0x0000000003a22160, 0x0000000003a22270]
Event: 2.857 Thread 0x0000000022557000 2145       1       org.apache.maven.model.Scm::getDeveloperConnection (5 bytes)
Event: 2.857 Thread 0x0000000022557000 nmethod 2145 0x0000000003a222d0 code [0x0000000003a22420, 0x0000000003a22530]
Event: 2.857 Thread 0x0000000022557000 2147   !   3       org.apache.maven.model.RepositoryPolicy::clone (73 bytes)
Event: 2.858 Thread 0x0000000022557000 nmethod 2147 0x0000000003a22590 code [0x0000000003a227e0, 0x0000000003a237d8]
Event: 2.858 Thread 0x0000000022557000 2148       3       org.apache.maven.model.BuildBase::getTestResources (23 bytes)
Event: 2.858 Thread 0x0000000022557000 nmethod 2148 0x0000000003a23ed0 code [0x0000000003a24040, 0x0000000003a243f0]
Event: 2.858 Thread 0x0000000022557000 2149       1       org.apache.maven.model.Model::getOrganization (5 bytes)
Event: 2.858 Thread 0x0000000022557000 nmethod 2149 0x0000000003a24590 code [0x0000000003a246e0, 0x0000000003a247f0]
Event: 2.858 Thread 0x0000000022557000 2150       1       java.util.Collections$SingletonSet::size (2 bytes)
Event: 2.858 Thread 0x0000000022557000 nmethod 2150 0x0000000003a24850 code [0x0000000003a249a0, 0x0000000003a24ab0]
Event: 2.858 Thread 0x0000000022557000 2151       1       org.eclipse.aether.resolution.ArtifactRequest::getRequestContext (5 bytes)
Event: 2.858 Thread 0x0000000022557000 nmethod 2151 0x0000000003a24b10 code [0x0000000003a24c60, 0x0000000003a24d70]
Event: 2.859 Thread 0x0000000022557000 2152       1       org.eclipse.aether.repository.LocalArtifactResult::getRepository (5 bytes)
Event: 2.859 Thread 0x0000000022557000 nmethod 2152 0x0000000003a24dd0 code [0x0000000003a24f20, 0x0000000003a25030]
Event: 2.859 Thread 0x0000000022557000 2153       1       org.eclipse.aether.RepositoryEvent::getSession (5 bytes)
Event: 2.859 Thread 0x0000000022557000 nmethod 2153 0x0000000003a25090 code [0x0000000003a251e0, 0x0000000003a252f0]
Event: 2.859 Thread 0x0000000022557000 2154       1       org.eclipse.aether.RepositoryEvent::getType (5 bytes)
Event: 2.859 Thread 0x0000000022557000 nmethod 2154 0x0000000003a25350 code [0x0000000003a254a0, 0x0000000003a255b0]
Event: 2.859 Thread 0x0000000022557000 2155       1       org.eclipse.aether.resolution.ArtifactResult::getArtifact (5 bytes)
Event: 2.859 Thread 0x0000000022557000 nmethod 2155 0x0000000003a25610 code [0x0000000003a25760, 0x0000000003a25870]
Event: 2.859 Thread 0x0000000022557000 2156       3       org.apache.maven.model.BuildBase::getResources (23 bytes)
Event: 2.860 Thread 0x0000000022557000 nmethod 2156 0x0000000003a258d0 code [0x0000000003a25a40, 0x0000000003a25df0]
Event: 2.861 Thread 0x0000000022557000 2157       3       org.apache.maven.model.io.xpp3.MavenXpp3Reader::parseDeveloper (497 bytes)
Event: 2.865 Thread 0x0000000022557000 nmethod 2157 0x0000000003a25f90 code [0x0000000003a266e0, 0x0000000003a2a998]
Event: 2.865 Thread 0x0000000022557000 2158       3       org.apache.maven.model.inheritance.DefaultInheritanceAssembler$InheritanceModelMerger::mergePluginContainer_Plugins (430 bytes)
Event: 2.869 Thread 0x0000000022557000 nmethod 2158 0x0000000003a32390 code [0x0000000003a32b40, 0x0000000003a38558]
Event: 2.869 Thread 0x0000000022557000 2161       3       java.lang.reflect.Method::invoke (62 bytes)
Event: 2.870 Thread 0x0000000022554000 nmethod 2076 0x0000000003a3bf50 code [0x0000000003a3c1c0, 0x0000000003a3e2e0]
Event: 2.870 Thread 0x0000000022557000 nmethod 2161 0x0000000003a31a90 code [0x0000000003a31c40, 0x0000000003a321c8]
Event: 2.870 Thread 0x0000000022557000 2160       3       org.apache.maven.model.ModelBase::getModules (23 bytes)
Event: 2.870 Thread 0x0000000022554000 2146       4       java.util.regex.Pattern$CharProperty::match (56 bytes)
Event: 2.870 Thread 0x0000000022557000 nmethod 2160 0x0000000003a313d0 code [0x0000000003a31540, 0x0000000003a318f0]
Event: 2.870 Thread 0x0000000022557000 2159       3       java.util.regex.Pattern$BranchConn::match (11 bytes)
Event: 2.870 Thread 0x0000000022557000 nmethod 2159 0x0000000003a30f50 code [0x0000000003a310c0, 0x0000000003a312e8]
Event: 2.873 Thread 0x0000000022557000 2162       1       org.apache.maven.model.Activation::getFile (5 bytes)
Event: 2.873 Thread 0x0000000022557000 nmethod 2162 0x0000000003a30c90 code [0x0000000003a30de0, 0x0000000003a30ef0]
Event: 2.873 Thread 0x0000000022557000 2163       1       org.apache.maven.model.Activation::getJdk (5 bytes)
Event: 2.873 Thread 0x0000000022557000 nmethod 2163 0x0000000003a309d0 code [0x0000000003a30b20, 0x0000000003a30c30]
Event: 2.874 Thread 0x0000000022557000 2164       3       java.util.Hashtable::entrySet (29 bytes)
Event: 2.874 Thread 0x0000000022557000 nmethod 2164 0x0000000003a2fa90 code [0x0000000003a2fc60, 0x0000000003a30448]
Event: 2.874 Thread 0x0000000022557000 2165       3       java.util.Collections$SynchronizedCollection::iterator (10 bytes)
Event: 2.874 Thread 0x0000000022557000 nmethod 2165 0x0000000003a2f650 code [0x0000000003a2f7c0, 0x0000000003a2f9e8]
Event: 2.874 Thread 0x0000000022557000 2166       3       java.util.Hashtable$EntrySet::iterator (9 bytes)
Event: 2.875 Thread 0x0000000022557000 nmethod 2166 0x0000000003a2ef90 code [0x0000000003a2f120, 0x0000000003a2f4a8]
Event: 2.875 Thread 0x0000000022557000 2167       1       org.apache.maven.model.Model::getName (5 bytes)
Event: 2.875 Thread 0x0000000022557000 nmethod 2167 0x0000000003a2ecd0 code [0x0000000003a2ee20, 0x0000000003a2ef30]
Event: 2.875 Thread 0x0000000022557000 2168       1       org.apache.maven.model.Model::getInceptionYear (5 bytes)
Event: 2.875 Thread 0x0000000022557000 nmethod 2168 0x0000000003a2ea10 code [0x0000000003a2eb60, 0x0000000003a2ec70]
Event: 2.875 Thread 0x0000000022557000 2169       1       org.apache.maven.model.Model::getIssueManagement (5 bytes)
Event: 2.875 Thread 0x0000000022557000 nmethod 2169 0x0000000003a2e750 code [0x0000000003a2e8a0, 0x0000000003a2e9b0]
Event: 2.875 Thread 0x0000000022557000 2170       1       org.apache.maven.model.RepositoryPolicy::getEnabled (5 bytes)
Event: 2.875 Thread 0x0000000022557000 nmethod 2170 0x0000000003a2e490 code [0x0000000003a2e5e0, 0x0000000003a2e6f0]
Event: 2.875 Thread 0x0000000022557000 2171       1       org.apache.maven.model.Activation::getOs (5 bytes)
Event: 2.875 Thread 0x0000000022557000 nmethod 2171 0x0000000003a2e1d0 code [0x0000000003a2e320, 0x0000000003a2e430]
Event: 2.878 Thread 0x0000000022557000 2172  s    3       java.io.BufferedInputStream::mark (14 bytes)
Event: 2.878 Thread 0x0000000022557000 nmethod 2172 0x0000000003a2dd10 code [0x0000000003a2de60, 0x0000000003a2e110]
Event: 2.878 Thread 0x0000000022557000 2174       3       java.io.BufferedReader::fill (170 bytes)
Event: 2.879 Thread 0x0000000022557000 nmethod 2174 0x0000000003a41850 code [0x0000000003a41a00, 0x0000000003a42088]
Event: 2.879 Thread 0x0000000022557000 2177       3       org.apache.maven.model.interpolation.StringVisitorModelInterpolator$ModelVisitor::visit (31 bytes)
Event: 2.879 Thread 0x0000000022557000 nmethod 2177 0x0000000003a2d5d0 code [0x0000000003a2d760, 0x0000000003a2db18]
Event: 2.879 Thread 0x0000000022557000 2173  s    3       java.io.BufferedInputStream::reset (31 bytes)
Event: 2.880 Thread 0x0000000022557000 nmethod 2173 0x0000000003a44550 code [0x0000000003a446e0, 0x0000000003a44bf8]
Event: 2.880 Thread 0x0000000022557000 2175       1       org.apache.maven.model.Model::getCiManagement (5 bytes)
Event: 2.880 Thread 0x0000000022557000 nmethod 2175 0x0000000003a44dd0 code [0x0000000003a44f20, 0x0000000003a45030]
Event: 2.880 Thread 0x0000000022557000 2176       1       org.apache.maven.model.BuildBase::getDefaultGoal (5 bytes)
Event: 2.880 Thread 0x0000000022554000 nmethod 2146 0x0000000003a45090 code [0x0000000003a45280, 0x0000000003a45e18]
Event: 2.880 Thread 0x0000000022554000 2143       4       org.apache.maven.model.io.xpp3.MavenXpp3Reader::nextTag (64 bytes)
Event: 2.880 Thread 0x0000000022557000 nmethod 2176 0x0000000003a41590 code [0x0000000003a416e0, 0x0000000003a417f0]
Event: 2.881 Thread 0x0000000022554000 nmethod 2143 0x0000000003a42c90 code [0x0000000003a42de0, 0x0000000003a42ed8]
Event: 2.881 Thread 0x0000000022554000 2126       4       org.codehaus.plexus.util.xml.pull.MXParser::getAttributeCount (15 bytes)
Event: 2.882 Thread 0x0000000022554000 nmethod 2126 0x00000000039db750 code [0x00000000039db880, 0x00000000039db8f8]
Event: 2.882 Thread 0x0000000022554000 2087       4       org.codehaus.plexus.configuration.DefaultPlexusConfiguration::<init> (36 bytes)
Event: 2.882 Thread 0x0000000022557000 2178   !   3       java.io.StringReader::read (133 bytes)
Event: 2.883 Thread 0x0000000022554000 nmethod 2087 0x0000000003a42a50 code [0x0000000003a42b80, 0x0000000003a42c38]
Event: 2.883 Thread 0x0000000022554000 2079       4       java.util.HashMap::isEmpty (13 bytes)
Event: 2.883 Thread 0x0000000022554000 nmethod 2079 0x00000000039d5510 code [0x00000000039d5640, 0x00000000039d56b8]
Event: 2.883 Thread 0x0000000022554000 2114       4       org.codehaus.plexus.configuration.DefaultPlexusConfiguration::add (100 bytes)
Event: 2.883 Thread 0x0000000022557000 nmethod 2178 0x0000000003a405d0 code [0x0000000003a407a0, 0x0000000003a410c8]
Event: 2.883 Thread 0x0000000022557000 2179       3       java.io.StringReader::ensureOpen (18 bytes)
Event: 2.883 Thread 0x0000000022557000 nmethod 2179 0x0000000003a425d0 code [0x0000000003a42740, 0x0000000003a42988]
Event: 2.892 Thread 0x0000000022557000 2180       1       java.nio.charset.CharsetDecoder::charset (5 bytes)
Event: 2.892 Thread 0x0000000022557000 nmethod 2180 0x0000000003a42250 code [0x0000000003a423a0, 0x0000000003a424b0]
Event: 2.894 Thread 0x0000000022557000 2181       3       java.io.BufferedReader::readLine (6 bytes)
Event: 2.894 Thread 0x0000000022557000 nmethod 2181 0x0000000003a44190 code [0x0000000003a44300, 0x0000000003a444a8]
Event: 2.894 Thread 0x0000000022557000 2183       1       org.apache.maven.model.building.ModelData::getSource (5 bytes)
Event: 2.894 Thread 0x0000000022557000 nmethod 2183 0x0000000003a43ed0 code [0x0000000003a44020, 0x0000000003a44130]
Event: 2.895 Thread 0x0000000022557000 2184       1       org.apache.maven.model.Reporting::getExcludeDefaults (5 bytes)
Event: 2.895 Thread 0x0000000022557000 nmethod 2184 0x0000000003a43c10 code [0x0000000003a43d60, 0x0000000003a43e70]
Event: 2.895 Thread 0x0000000022557000 2185       1       org.apache.maven.model.Scm::getTag (5 bytes)
Event: 2.895 Thread 0x0000000022557000 nmethod 2185 0x0000000003a43950 code [0x0000000003a43aa0, 0x0000000003a43bb0]
Event: 2.895 Thread 0x0000000022557000 2186       3       org.apache.maven.model.ModelBase::getPluginRepositories (23 bytes)
Event: 2.895 Thread 0x0000000022557000 nmethod 2186 0x0000000003a43290 code [0x0000000003a43400, 0x0000000003a437b0]
Event: 2.897 Thread 0x0000000022557000 2187       3       java.util.HashSet::<init> (40 bytes)
Event: 2.897 Thread 0x0000000022557000 nmethod 2187 0x0000000003a47c10 code [0x0000000003a47e00, 0x0000000003a48408]
Event: 2.897 Thread 0x0000000022557000 2188       1       org.apache.maven.model.Model::getChildProjectUrlInheritAppendPath (5 bytes)
Event: 2.897 Thread 0x0000000022557000 nmethod 2188 0x0000000003a47950 code [0x0000000003a47aa0, 0x0000000003a47bb0]
Event: 2.897 Thread 0x0000000022557000 2189       1       org.apache.maven.model.building.ModelData::getActiveProfiles (5 bytes)
Event: 2.897 Thread 0x0000000022557000 nmethod 2189 0x0000000003a47690 code [0x0000000003a477e0, 0x0000000003a478f0]
Event: 2.899 Thread 0x0000000022557000 2190       3       sun.reflect.DelegatingMethodAccessorImpl::invoke (10 bytes)
Event: 2.899 Thread 0x0000000022557000 nmethod 2190 0x0000000003a47210 code [0x0000000003a47380, 0x0000000003a475a8]
Event: 2.899 Thread 0x0000000022557000 2191       3       org.eclipse.aether.repository.RepositoryPolicy::<init> (38 bytes)
Event: 2.900 Thread 0x0000000022557000 nmethod 2191 0x0000000003a48650 code [0x0000000003a487c0, 0x0000000003a48a70]
Event: 2.901 Thread 0x0000000022557000 2192       1       org.apache.maven.model.building.ModelCacheTag$2::getName (3 bytes)
Event: 2.901 Thread 0x0000000022557000 nmethod 2192 0x0000000003a46f50 code [0x0000000003a470a0, 0x0000000003a471b0]
Event: 2.903 Thread 0x0000000022557000 2195       3       java.util.HashMap::putAll (7 bytes)
Event: 2.903 Thread 0x0000000022557000 nmethod 2195 0x0000000003a48b10 code [0x0000000003a48c80, 0x0000000003a48e88]
Event: 2.903 Thread 0x0000000022557000 2196       1       org.eclipse.aether.artifact.DefaultArtifactType::getExtension (5 bytes)
Event: 2.903 Thread 0x0000000022557000 nmethod 2196 0x0000000003a48f10 code [0x0000000003a49060, 0x0000000003a49170]
Event: 2.903 Thread 0x0000000022557000 2198       3       org.eclipse.aether.artifact.DefaultArtifactType::emptify (11 bytes)
Event: 2.903 Thread 0x0000000022557000 nmethod 2198 0x0000000003a491d0 code [0x0000000003a49320, 0x0000000003a494b0]
Event: 2.903 Thread 0x0000000022557000 2199       3       java.lang.Boolean::toString (12 bytes)
Event: 2.903 Thread 0x0000000022557000 nmethod 2199 0x0000000003a49550 code [0x0000000003a496a0, 0x0000000003a49830]
Event: 2.903 Thread 0x0000000022557000 2200       3       org.apache.maven.artifact.handler.manager.DefaultArtifactHandlerManager::getArtifactHandler (62 bytes)
Event: 2.904 Thread 0x0000000022557000 nmethod 2200 0x0000000003a49890 code [0x0000000003a49a60, 0x0000000003a4a228]
Event: 2.904 Thread 0x0000000022557000 2201       3       java.util.Collections$UnmodifiableMap::entrySet (32 bytes)
Event: 2.904 Thread 0x0000000022557000 nmethod 2201 0x0000000003a4a450 code [0x0000000003a4a600, 0x0000000003a4ab78]
Event: 2.904 Thread 0x0000000022557000 2202       3       java.util.Collections$UnmodifiableMap$UnmodifiableEntrySet::iterator (9 bytes)
Event: 2.905 Thread 0x0000000022557000 nmethod 2202 0x0000000003a4ae50 code [0x0000000003a4afc0, 0x0000000003a4b328]
Event: 2.905 Thread 0x0000000022557000 2203       3       org.apache.maven.repository.internal.ArtifactDescriptorReaderDelegate::convert (205 bytes)
Event: 2.907 Thread 0x0000000022557000 nmethod 2203 0x0000000003a4b490 code [0x0000000003a4b880, 0x0000000003a4db68]
Event: 2.907 Thread 0x0000000022557000 2204       3       java.util.Collections$UnmodifiableMap::size (10 bytes)
Event: 2.907 Thread 0x0000000022557000 nmethod 2204 0x0000000003a4f050 code [0x0000000003a4f1c0, 0x0000000003a4f3e8]
Event: 2.907 Thread 0x0000000022557000 2209       3       org.eclipse.aether.artifact.DefaultArtifactType::<init> (140 bytes)
Event: 2.908 Thread 0x0000000022557000 nmethod 2209 0x0000000003a4f490 code [0x0000000003a4f780, 0x0000000003a50e38]
Event: 2.908 Thread 0x0000000022557000 2205       3       java.util.Collections$UnmodifiableMap::isEmpty (10 bytes)
Event: 2.908 Thread 0x0000000022557000 nmethod 2205 0x0000000003a51990 code [0x0000000003a51b00, 0x0000000003a51d28]
Event: 2.908 Thread 0x0000000022557000 2206       3       org.apache.maven.artifact.handler.DefaultArtifactHandler::getExtension (20 bytes)
Event: 2.908 Thread 0x0000000022557000 nmethod 2206 0x0000000003a51dd0 code [0x0000000003a51f20, 0x0000000003a520f0]
Event: 2.908 Thread 0x0000000022557000 2207       3       org.apache.maven.RepositoryUtils::newArtifactType (39 bytes)
Event: 2.908 Thread 0x0000000022557000 nmethod 2207 0x0000000003a52190 code [0x0000000003a52320, 0x0000000003a52a68]
Event: 2.908 Thread 0x0000000022557000 2208       3       org.apache.maven.artifact.handler.DefaultArtifactHandler::getLanguage (18 bytes)
Event: 2.908 Thread 0x0000000022557000 nmethod 2208 0x0000000003a52c90 code [0x0000000003a52de0, 0x0000000003a52fb0]
Event: 2.908 Thread 0x0000000022557000 2210       3       org.eclipse.aether.artifact.DefaultArtifact::<init> (130 bytes)
Event: 2.909 Thread 0x0000000022557000 nmethod 2210 0x0000000003a53050 code [0x0000000003a53260, 0x0000000003a53d08]
Event: 2.909 Thread 0x0000000022557000 2211       3       org.eclipse.aether.artifact.DefaultArtifact::merge (70 bytes)
Event: 2.909 Thread 0x0000000022557000 nmethod 2211 0x0000000003a54110 code [0x0000000003a54300, 0x0000000003a54e18]
Event: 2.909 Thread 0x0000000022557000 2214       3       org.apache.maven.RepositoryUtils$MavenArtifactTypeRegistry::get (17 bytes)
Event: 2.909 Thread 0x0000000022557000 nmethod 2214 0x0000000003a551d0 code [0x0000000003a55340, 0x0000000003a55538]
Event: 2.909 Thread 0x0000000022557000 2212       3       org.eclipse.aether.graph.Dependency::<init> (43 bytes)
Event: 2.910 Thread 0x0000000022557000 nmethod 2212 0x0000000003a55650 code [0x0000000003a557e0, 0x0000000003a55bc8]
Event: 2.910 Thread 0x0000000022557000 2213       3       org.eclipse.aether.resolution.ArtifactDescriptorResult::addManagedDependency (40 bytes)
Event: 2.910 Thread 0x0000000022557000 nmethod 2213 0x0000000003a55d50 code [0x0000000003a55f00, 0x0000000003a56498]
Event: 2.910 Thread 0x0000000022557000 2216       1       org.eclipse.sisu.inject.LazyBeanEntry::getKey (5 bytes)
Event: 2.910 Thread 0x0000000022557000 nmethod 2216 0x0000000003a566d0 code [0x0000000003a56820, 0x0000000003a56930]
Event: 2.910 Thread 0x0000000022557000 2217       1       org.eclipse.sisu.inject.LazyBeanEntry$JsrNamed::value (5 bytes)
Event: 2.910 Thread 0x0000000022557000 nmethod 2217 0x0000000003a56990 code [0x0000000003a56ae0, 0x0000000003a56bf0]
Event: 2.913 Thread 0x0000000022557000 2219       3       org.apache.maven.plugin.descriptor.Parameter::setExpression (6 bytes)
Event: 2.913 Thread 0x0000000022557000 nmethod 2219 0x0000000003a56c50 code [0x0000000003a56da0, 0x0000000003a56f10]
Event: 2.913 Thread 0x0000000022557000 2220       3       org.codehaus.plexus.configuration.DefaultPlexusConfiguration::getAttribute (14 bytes)
Event: 2.913 Thread 0x0000000022557000 nmethod 2220 0x0000000003a56f90 code [0x0000000003a57100, 0x0000000003a57408]
Event: 2.914 Thread 0x0000000022557000 2221       3       org.apache.maven.plugin.descriptor.Parameter::setDefaultValue (6 bytes)
Event: 2.914 Thread 0x0000000022557000 nmethod 2221 0x0000000003a574d0 code [0x0000000003a57620, 0x0000000003a57790]
Event: 2.914 Thread 0x0000000022557000 2222       3       org.apache.maven.plugin.descriptor.Parameter::setDescription (6 bytes)
Event: 2.914 Thread 0x0000000022557000 nmethod 2222 0x0000000003a57810 code [0x0000000003a57960, 0x0000000003a57ad0]
Event: 2.914 Thread 0x0000000022557000 2223       3       org.apache.maven.plugin.descriptor.Parameter::setDeprecated (6 bytes)
Event: 2.914 Thread 0x0000000022557000 nmethod 2223 0x0000000003a57b50 code [0x0000000003a57ca0, 0x0000000003a57e10]
Event: 2.914 Thread 0x0000000022557000 2224       3       org.apache.maven.plugin.descriptor.Parameter::setImplementation (6 bytes)
Event: 2.914 Thread 0x0000000022557000 nmethod 2224 0x0000000003a57e90 code [0x0000000003a57fe0, 0x0000000003a58150]
Event: 2.914 Thread 0x0000000022557000 2225       3       org.apache.maven.plugin.descriptor.Parameter::setSince (6 bytes)
Event: 2.914 Thread 0x0000000022557000 nmethod 2225 0x0000000003a581d0 code [0x0000000003a58320, 0x0000000003a58490]
Event: 2.915 Thread 0x0000000022557000 2226       3       org.eclipse.aether.DefaultRepositorySystemSession::failIfReadOnly (18 bytes)
Event: 2.915 Thread 0x0000000022557000 nmethod 2226 0x0000000003a58510 code [0x0000000003a58680, 0x0000000003a588e8]
Event: 2.917 Thread 0x0000000022557000 2227       1       org.apache.maven.model.building.DefaultModelBuildingResult::getProblems (5 bytes)
Event: 2.918 Thread 0x0000000022557000 nmethod 2227 0x0000000003a589d0 code [0x0000000003a58b20, 0x0000000003a58c30]
Event: 2.919 Thread 0x0000000022557000 2228       1       org.eclipse.aether.DefaultRepositorySystemSession::getCache (5 bytes)
Event: 2.919 Thread 0x0000000022557000 nmethod 2228 0x0000000003a58c90 code [0x0000000003a58de0, 0x0000000003a58ef0]
Event: 2.923 Thread 0x0000000022557000 2229       3       org.eclipse.sisu.wire.EntryListAdapter::iterator (12 bytes)
Event: 2.923 Thread 0x0000000022557000 nmethod 2229 0x0000000003a58f50 code [0x0000000003a590c0, 0x0000000003a59408]
Event: 2.923 Thread 0x0000000022557000 2230       3       org.eclipse.sisu.wire.EntryListAdapter$ValueIterator::<init> (15 bytes)
Event: 2.923 Thread 0x0000000022557000 nmethod 2230 0x0000000003a59550 code [0x0000000003a596c0, 0x0000000003a59968]
Event: 2.923 Thread 0x0000000022557000 2231       3       org.apache.maven.model.profile.activation.FileProfileActivator::presentInConfig (29 bytes)
Event: 2.924 Thread 0x0000000022557000 nmethod 2231 0x0000000003a59a50 code [0x0000000003a59bc0, 0x0000000003a59e10]
Event: 2.928 Thread 0x0000000022554000 nmethod 2114 0x0000000003a5e5d0 code [0x0000000003a5e820, 0x0000000003a602a8]
Event: 2.928 Thread 0x0000000022554000 2193       4       org.apache.maven.model.validation.DefaultModelValidator::validateEffectiveDependency (616 bytes)
Event: 2.931 Thread 0x0000000022557000 2232       3       org.apache.maven.model.Build::getExtensions (23 bytes)
Event: 2.931 Thread 0x0000000022557000 nmethod 2232 0x0000000003a5df10 code [0x0000000003a5e080, 0x0000000003a5e430]
Event: 2.932 Thread 0x0000000022557000 2233       3       org.apache.maven.model.ModelBase::getLocation (366 bytes)
Event: 2.933 Thread 0x0000000022557000 nmethod 2233 0x0000000003a5c2d0 code [0x0000000003a5c580, 0x0000000003a5db48]
Event: 2.934 Thread 0x0000000022557000 2234       1       org.apache.maven.model.FileSet::getDirectory (5 bytes)
Event: 2.934 Thread 0x0000000022557000 nmethod 2234 0x0000000003a5c010 code [0x0000000003a5c160, 0x0000000003a5c270]
Event: 2.935 Thread 0x0000000022557000 2235       3       sun.nio.ch.FileChannelImpl::ensureOpen (16 bytes)
Event: 2.936 Thread 0x0000000022557000 nmethod 2235 0x0000000003a5bb10 code [0x0000000003a5bc80, 0x0000000003a5bf28]
Event: 2.936 Thread 0x0000000022557000 2236   !   3       sun.nio.ch.NativeThreadSet::add (155 bytes)
Event: 2.936 Thread 0x0000000022557000 nmethod 2236 0x0000000003a5af90 code [0x0000000003a5b120, 0x0000000003a5b7c8]
Event: 2.936 Thread 0x0000000022557000 2237   !   3       sun.nio.ch.NativeThreadSet::remove (50 bytes)
Event: 2.936 Thread 0x0000000022557000 nmethod 2237 0x0000000003a5a810 code [0x0000000003a5a980, 0x0000000003a5ade8]
Event: 2.942 Thread 0x0000000022557000 2239   !   3       org.apache.maven.model.Profile::clone (87 bytes)
Event: 2.943 Thread 0x0000000022557000 nmethod 2239 0x0000000003a61510 code [0x0000000003a61760, 0x0000000003a625c8]
Event: 2.943 Thread 0x0000000022557000 2240  s!   3       java.util.Hashtable::clone (99 bytes)
Event: 2.944 Thread 0x0000000022557000 nmethod 2240 0x0000000003a62c50 code [0x0000000003a62e40, 0x0000000003a637c8]
Event: 2.944 Thread 0x0000000022557000 2241       3       org.apache.maven.model.RepositoryBase::getLocation (209 bytes)
Event: 2.944 Thread 0x0000000022557000 nmethod 2241 0x0000000003a63dd0 code [0x0000000003a64000, 0x0000000003a64f78]
Event: 2.944 Thread 0x0000000022557000 2242       1       java.util.Collections$EmptyList::size (2 bytes)
Event: 2.944 Thread 0x0000000022557000 nmethod 2242 0x0000000003a5a550 code [0x0000000003a5a6a0, 0x0000000003a5a7b0]
Event: 2.945 Thread 0x0000000022557000 2243       3       org.apache.maven.model.Contributor::getRoles (23 bytes)
Event: 2.945 Thread 0x0000000022557000 nmethod 2243 0x0000000003a65290 code [0x0000000003a65400, 0x0000000003a657b0]
Event: 2.945 Thread 0x0000000022557000 2244       3       org.apache.maven.model.interpolation.StringVisitorModelInterpolator$ModelVisitor::visit (118 bytes)
Event: 2.946 Thread 0x0000000022557000 nmethod 2244 0x0000000003a65950 code [0x0000000003a65bc0, 0x0000000003a66e78]
Event: 2.946 Thread 0x0000000022557000 2245       1       org.apache.maven.model.PluginExecution::getPhase (5 bytes)
Event: 2.946 Thread 0x0000000022557000 nmethod 2245 0x0000000003a5a290 code [0x0000000003a5a3e0, 0x0000000003a5a4f0]
Event: 2.950 Thread 0x0000000022557000 2246       3       org.codehaus.plexus.component.repository.ComponentDependency::setGroupId (6 bytes)
Event: 2.951 Thread 0x0000000022557000 nmethod 2246 0x0000000003a59f10 code [0x0000000003a5a060, 0x0000000003a5a1d0]
Event: 2.951 Thread 0x0000000022557000 2247       3       org.codehaus.plexus.component.repository.ComponentDependency::setType (6 bytes)
Event: 2.951 Thread 0x0000000022557000 nmethod 2247 0x0000000003a67690 code [0x0000000003a677e0, 0x0000000003a67950]
Event: 2.951 Thread 0x0000000022557000 2248       3       org.codehaus.plexus.component.repository.ComponentDependency::setVersion (6 bytes)
Event: 2.951 Thread 0x0000000022557000 nmethod 2248 0x0000000003a679d0 code [0x0000000003a67b20, 0x0000000003a67c90]
Event: 2.954 Thread 0x0000000022557000 2249  s    3       java.util.Hashtable::putAll (52 bytes)
Event: 2.954 Thread 0x0000000022557000 nmethod 2249 0x0000000003a67d10 code [0x0000000003a67f00, 0x0000000003a688a8]
Event: 2.964 Thread 0x0000000022557000 2250       3       org.apache.maven.model.merge.ModelMerger::getRepositoryKey (6 bytes)
Event: 2.964 Thread 0x0000000022557000 nmethod 2250 0x0000000003a68bd0 code [0x0000000003a68d40, 0x0000000003a68f48]
Event: 2.964 Thread 0x0000000022557000 2251       3       org.apache.maven.model.merge.MavenModelMerger::getRepositoryBaseKey (5 bytes)
Event: 2.964 Thread 0x0000000022557000 nmethod 2251 0x0000000003a68fd0 code [0x0000000003a69120, 0x0000000003a69310]
Event: 2.965 Thread 0x0000000022557000 2252       3       org.apache.maven.model.building.ModelData::getVersion (17 bytes)
Event: 2.966 Thread 0x0000000022557000 nmethod 2252 0x0000000003a693d0 code [0x0000000003a69520, 0x0000000003a696d0]
Event: 2.966 Thread 0x0000000022557000 2255       3       org.apache.maven.model.merge.MavenModelMerger::getPluginExecutionKey (5 bytes)
Event: 2.966 Thread 0x0000000022557000 nmethod 2255 0x0000000003a69750 code [0x0000000003a698a0, 0x0000000003a69a10]
Event: 2.966 Thread 0x0000000022557000 2253       3       java.util.Collections::singletonIterator (9 bytes)
Event: 2.966 Thread 0x0000000022557000 nmethod 2253 0x0000000003a69ad0 code [0x0000000003a69c40, 0x0000000003a69eb0]
Event: 2.966 Thread 0x0000000022557000 2254       3       java.util.Collections$1::<init> (15 bytes)
Event: 2.966 Thread 0x0000000022557000 nmethod 2254 0x0000000003a69f90 code [0x0000000003a6a0e0, 0x0000000003a6a2b0]
Event: 2.977 Thread 0x0000000022557000 2258   !   3       org.apache.maven.model.Model::clone (502 bytes)
Event: 2.981 Thread 0x0000000022554000 nmethod 2193 0x0000000003a6ea50 code [0x0000000003a6ed40, 0x0000000003a707a8]
Event: 2.981 Thread 0x0000000022554000 2238       4       org.codehaus.plexus.configuration.DefaultPlexusConfiguration::getChild (47 bytes)
Event: 2.981 Thread 0x0000000022557000 nmethod 2258 0x0000000003a72450 code [0x0000000003a72a20, 0x0000000003a761e8]
Event: 2.981 Thread 0x0000000022557000 2259       3       org.apache.maven.model.Model::cloneHook (9 bytes)
Event: 2.981 Thread 0x0000000022557000 nmethod 2259 0x0000000003a6e6d0 code [0x0000000003a6e820, 0x0000000003a6e9b0]

GC Heap History (2 events):
Event: 2.555 GC heap before
{Heap before GC invocations=1 (full 0):
 PSYoungGen      total 113664K, used 97792K [0x0000000741b00000, 0x0000000749980000, 0x00000007c0000000)
  eden space 97792K, 100% used [0x0000000741b00000,0x0000000747a80000,0x0000000747a80000)
  from space 15872K, 0% used [0x0000000748a00000,0x0000000748a00000,0x0000000749980000)
  to   space 15872K, 0% used [0x0000000747a80000,0x0000000747a80000,0x0000000748a00000)
 ParOldGen       total 259584K, used 0K [0x0000000645000000, 0x0000000654d80000, 0x0000000741b00000)
  object space 259584K, 0% used [0x0000000645000000,0x0000000645000000,0x0000000654d80000)
 Metaspace       used 15580K, capacity 15748K, committed 16000K, reserved 1062912K
  class space    used 1779K, capacity 1848K, committed 1920K, reserved 1048576K
Event: 2.582 GC heap after
Heap after GC invocations=1 (full 0):
 PSYoungGen      total 113664K, used 15688K [0x0000000741b00000, 0x000000074f900000, 0x00000007c0000000)
  eden space 97792K, 0% used [0x0000000741b00000,0x0000000741b00000,0x0000000747a80000)
  from space 15872K, 98% used [0x0000000747a80000,0x00000007489d2280,0x0000000748a00000)
  to   space 15872K, 0% used [0x000000074e980000,0x000000074e980000,0x000000074f900000)
 ParOldGen       total 259584K, used 16K [0x0000000645000000, 0x0000000654d80000, 0x0000000741b00000)
  object space 259584K, 0% used [0x0000000645000000,0x0000000645004000,0x0000000654d80000)
 Metaspace       used 15580K, capacity 15748K, committed 16000K, reserved 1062912K
  class space    used 1779K, capacity 1848K, committed 1920K, reserved 1048576K
}

Deoptimization events (37 events):
Event: 0.410 Thread 0x0000000002fce800 Uncommon trap: reason=unstable_if action=reinterpret pc=0x000000000347b228 method=org.codehaus.plexus.util.xml.pull.MXParser.more()C @ 8
Event: 0.609 Thread 0x0000000002fce800 Uncommon trap: reason=unstable_if action=reinterpret pc=0x0000000003441e80 method=java.lang.String.indexOf([CII[CIII)I @ 3
Event: 0.931 Thread 0x0000000002fce800 Uncommon trap: reason=unstable_if action=reinterpret pc=0x0000000003562fa4 method=java.nio.charset.CoderResult.isOverflow()Z @ 5
Event: 0.942 Thread 0x0000000002fce800 Uncommon trap: reason=unstable_if action=reinterpret pc=0x0000000003579100 method=sun.nio.cs.StreamDecoder.implRead([CII)I @ 71
Event: 0.946 Thread 0x0000000002fce800 Uncommon trap: reason=unstable_if action=reinterpret pc=0x0000000003588d9c method=sun.nio.cs.StreamDecoder.implRead([CII)I @ 71
Event: 0.979 Thread 0x0000000002fce800 Uncommon trap: reason=unstable_if action=reinterpret pc=0x00000000035815c4 method=org.codehaus.plexus.util.xml.pull.MXParser.nextImpl()I @ 200
Event: 1.105 Thread 0x0000000002fce800 Uncommon trap: reason=range_check action=make_not_entrant pc=0x00000000035f0c28 method=sun.reflect.generics.parser.SignatureParser.current()C @ 34
Event: 1.910 Thread 0x0000000002fce800 Uncommon trap: reason=unstable_if action=reinterpret pc=0x00000000037961d8 method=java.lang.reflect.Modifier.isSynthetic(I)Z @ 5
Event: 1.999 Thread 0x0000000002fce800 Uncommon trap: reason=unstable_if action=reinterpret pc=0x00000000037d2e84 method=org.eclipse.sisu.inject.InjectorBindings.isAssignableFrom(Lcom/google/inject/TypeLiteral;Lcom/google/inject/Binding;)Z @ 14
Event: 2.108 Thread 0x0000000002fce800 Uncommon trap: reason=unstable_if action=reinterpret pc=0x00000000034c8880 method=sun.misc.MetaIndex.mayContain(Ljava/lang/String;)Z @ 38
Event: 2.109 Thread 0x0000000002fce800 Uncommon trap: reason=unstable_if action=reinterpret pc=0x000000000357ff40 method=java.nio.charset.CharsetDecoder.decode(Ljava/nio/ByteBuffer;Ljava/nio/CharBuffer;Z)Ljava/nio/charset/CoderResult; @ 1
Event: 2.110 Thread 0x0000000002fce800 Uncommon trap: reason=unstable_if action=reinterpret pc=0x000000000350c1f0 method=sun.net.www.ParseUtil.encodePath(Ljava/lang/String;Z)Ljava/lang/String; @ 109
Event: 2.112 Thread 0x0000000002fce800 Uncommon trap: reason=bimorphic action=maybe_recompile pc=0x0000000003810ffc method=java.util.regex.Pattern$CharProperty.match(Ljava/util/regex/Matcher;ILjava/lang/CharSequence;)Z @ 37
Event: 2.114 Thread 0x0000000002fce800 Uncommon trap: reason=bimorphic action=maybe_recompile pc=0x0000000003810ffc method=java.util.regex.Pattern$CharProperty.match(Ljava/util/regex/Matcher;ILjava/lang/CharSequence;)Z @ 37
Event: 2.140 Thread 0x0000000002fce800 Uncommon trap: reason=predicate action=maybe_recompile pc=0x0000000003623938 method=java.lang.String.regionMatches(ZILjava/lang/String;II)Z @ 63
Event: 2.150 Thread 0x0000000002fce800 Uncommon trap: reason=unstable_if action=reinterpret pc=0x00000000034621c8 method=java.lang.String.replace(CC)Ljava/lang/String; @ 2
Event: 2.150 Thread 0x0000000002fce800 Uncommon trap: reason=bimorphic action=maybe_recompile pc=0x0000000003810ffc method=java.util.regex.Pattern$CharProperty.match(Ljava/util/regex/Matcher;ILjava/lang/CharSequence;)Z @ 37
Event: 2.151 Thread 0x0000000002fce800 Uncommon trap: reason=bimorphic action=maybe_recompile pc=0x0000000003810ffc method=java.util.regex.Pattern$CharProperty.match(Ljava/util/regex/Matcher;ILjava/lang/CharSequence;)Z @ 37
Event: 2.235 Thread 0x0000000002fce800 Uncommon trap: reason=unstable_if action=reinterpret pc=0x000000000375689c method=java.lang.String.substring(I)Ljava/lang/String; @ 35
Event: 2.294 Thread 0x0000000002fce800 Uncommon trap: reason=unstable_if action=reinterpret pc=0x0000000003519944 method=java.lang.AbstractStringBuilder.append(Ljava/lang/String;)Ljava/lang/AbstractStringBuilder; @ 1
Event: 2.294 Thread 0x0000000002fce800 Uncommon trap: reason=unstable_if action=reinterpret pc=0x00000000034c4504 method=java.lang.AbstractStringBuilder.append(Ljava/lang/String;)Ljava/lang/AbstractStringBuilder; @ 1
Event: 2.322 Thread 0x0000000002fce800 Uncommon trap: reason=unstable_if action=reinterpret pc=0x00000000035d103c method=org.codehaus.plexus.util.xml.pull.MXParser.nextImpl()I @ 835
Event: 2.363 Thread 0x0000000002fce800 Uncommon trap: reason=null_check action=make_not_entrant pc=0x00000000038b8cd4 method=org.apache.maven.model.io.xpp3.MavenXpp3ReaderEx.checkFieldWithDuplicate(Lorg/codehaus/plexus/util/xml/pull/XmlPullParser;Ljava/lang/String;Ljava/lang/String;Ljava/util/
Event: 2.390 Thread 0x0000000002fce800 Uncommon trap: reason=unstable_if action=reinterpret pc=0x0000000003893734 method=java.lang.String.trim()Ljava/lang/String; @ 63
Event: 2.395 Thread 0x0000000002fce800 Uncommon trap: reason=unstable_if action=reinterpret pc=0x00000000035092bc method=sun.nio.cs.UTF_8$Decoder.decode([BII[C)I @ 30
Event: 2.396 Thread 0x0000000002fce800 Uncommon trap: reason=unstable_if action=reinterpret pc=0x00000000035828d0 method=sun.nio.cs.UTF_8$Decoder.decodeArrayLoop(Ljava/nio/ByteBuffer;Ljava/nio/CharBuffer;)Ljava/nio/charset/CoderResult; @ 84
Event: 2.426 Thread 0x0000000002fce800 Uncommon trap: reason=unstable_if action=reinterpret pc=0x00000000038c6b34 method=org.codehaus.plexus.util.xml.pull.MXParser.nextImpl()I @ 310
Event: 2.500 Thread 0x0000000002fce800 Uncommon trap: reason=unstable_if action=reinterpret pc=0x000000000391edc4 method=org.apache.maven.model.validation.DefaultModelValidator.isValidIdCharacter(C)Z @ 51
Event: 2.586 Thread 0x000000002253a800 Uncommon trap: reason=unstable_if action=reinterpret pc=0x000000000380692c method=java.lang.ref.ReferenceQueue.poll()Ljava/lang/ref/Reference; @ 4
Event: 2.586 Thread 0x000000002253a800 Uncommon trap: reason=unstable_if action=reinterpret pc=0x00000000037ac254 method=java.lang.ref.ReferenceQueue.poll()Ljava/lang/ref/Reference; @ 4
Event: 2.655 Thread 0x0000000002fce800 Uncommon trap: reason=unstable_if action=reinterpret pc=0x0000000003914b70 method=org.codehaus.plexus.util.xml.pull.MXParser.nextImpl()I @ 1161
Event: 2.708 Thread 0x0000000002fce800 Uncommon trap: reason=null_check action=make_not_entrant pc=0x000000000399c220 method=org.apache.maven.model.io.xpp3.MavenXpp3Reader.checkFieldWithDuplicate(Lorg/codehaus/plexus/util/xml/pull/XmlPullParser;Ljava/lang/String;Ljava/lang/String;Ljava/util/Se
Event: 2.765 Thread 0x0000000002fce800 Uncommon trap: reason=unstable_if action=reinterpret pc=0x00000000039bfa48 method=org.codehaus.plexus.util.xml.pull.MXParser.nextImpl()I @ 972
Event: 2.785 Thread 0x0000000002fce800 Uncommon trap: reason=class_check action=maybe_recompile pc=0x000000000385c300 method=java.util.regex.Pattern$7.isSatisfiedBy(I)Z @ 16
Event: 2.785 Thread 0x0000000002fce800 Uncommon trap: reason=class_check action=maybe_recompile pc=0x000000000385c300 method=java.util.regex.Pattern$7.isSatisfiedBy(I)Z @ 16
Event: 2.785 Thread 0x0000000002fce800 Uncommon trap: reason=class_check action=maybe_recompile pc=0x000000000385c300 method=java.util.regex.Pattern$7.isSatisfiedBy(I)Z @ 16
Event: 2.785 Thread 0x0000000002fce800 Uncommon trap: reason=class_check action=maybe_recompile pc=0x000000000385c300 method=java.util.regex.Pattern$7.isSatisfiedBy(I)Z @ 16

Classes redefined (0 events):
No events

Internal exceptions (23 events):
Event: 0.070 Thread 0x0000000002fce800 Exception <a 'java/lang/NoSuchMethodError': Method sun.misc.Unsafe.defineClass(Ljava/lang/String;[BII)Ljava/lang/Class; name or signature does not match> (0x0000000741b07cc8) thrown at [C:\cygwin64\tmp\ojdkbuild\lookaside\java-1.8.0-openjdk\hotspot\src\sh
Event: 0.070 Thread 0x0000000002fce800 Exception <a 'java/lang/NoSuchMethodError': Method sun.misc.Unsafe.prefetchRead(Ljava/lang/Object;J)V name or signature does not match> (0x0000000741b07fb0) thrown at [C:\cygwin64\tmp\ojdkbuild\lookaside\java-1.8.0-openjdk\hotspot\src\share\vm\prims\jni.c
Event: 0.336 Thread 0x0000000002fce800 Exception <a 'java/security/PrivilegedActionException'> (0x00000007420c35e0) thrown at [C:\cygwin64\tmp\ojdkbuild\lookaside\java-1.8.0-openjdk\hotspot\src\share\vm\prims\jvm.cpp, line 1501]
Event: 0.336 Thread 0x0000000002fce800 Exception <a 'java/security/PrivilegedActionException'> (0x00000007420c37f0) thrown at [C:\cygwin64\tmp\ojdkbuild\lookaside\java-1.8.0-openjdk\hotspot\src\share\vm\prims\jvm.cpp, line 1501]
Event: 0.336 Thread 0x0000000002fce800 Exception <a 'java/security/PrivilegedActionException'> (0x00000007420c7840) thrown at [C:\cygwin64\tmp\ojdkbuild\lookaside\java-1.8.0-openjdk\hotspot\src\share\vm\prims\jvm.cpp, line 1501]
Event: 0.336 Thread 0x0000000002fce800 Exception <a 'java/security/PrivilegedActionException'> (0x00000007420c7a50) thrown at [C:\cygwin64\tmp\ojdkbuild\lookaside\java-1.8.0-openjdk\hotspot\src\share\vm\prims\jvm.cpp, line 1501]
Event: 0.336 Thread 0x0000000002fce800 Exception <a 'java/security/PrivilegedActionException'> (0x00000007420c9218) thrown at [C:\cygwin64\tmp\ojdkbuild\lookaside\java-1.8.0-openjdk\hotspot\src\share\vm\prims\jvm.cpp, line 1501]
Event: 0.336 Thread 0x0000000002fce800 Exception <a 'java/security/PrivilegedActionException'> (0x00000007420c9428) thrown at [C:\cygwin64\tmp\ojdkbuild\lookaside\java-1.8.0-openjdk\hotspot\src\share\vm\prims\jvm.cpp, line 1501]
Event: 0.848 Thread 0x0000000002fce800 Exception <a 'java/lang/ArrayIndexOutOfBoundsException'> (0x0000000742f23a18) thrown at [C:\cygwin64\tmp\ojdkbuild\lookaside\java-1.8.0-openjdk\hotspot\src\share\vm\runtime\sharedRuntime.cpp, line 615]
Event: 0.852 Thread 0x0000000002fce800 Exception <a 'java/lang/ArrayIndexOutOfBoundsException'> (0x0000000742f3f4c0) thrown at [C:\cygwin64\tmp\ojdkbuild\lookaside\java-1.8.0-openjdk\hotspot\src\share\vm\runtime\sharedRuntime.cpp, line 615]
Event: 0.863 Thread 0x0000000002fce800 Exception <a 'java/lang/ArrayIndexOutOfBoundsException'> (0x0000000742f81668) thrown at [C:\cygwin64\tmp\ojdkbuild\lookaside\java-1.8.0-openjdk\hotspot\src\share\vm\runtime\sharedRuntime.cpp, line 615]
Event: 1.027 Thread 0x0000000002fce800 Exception <a 'java/lang/ArrayIndexOutOfBoundsException'> (0x000000074388fd58) thrown at [C:\cygwin64\tmp\ojdkbuild\lookaside\java-1.8.0-openjdk\hotspot\src\share\vm\runtime\sharedRuntime.cpp, line 615]
Event: 1.028 Thread 0x0000000002fce800 Exception <a 'java/lang/ArrayIndexOutOfBoundsException'> (0x00000007438918e8) thrown at [C:\cygwin64\tmp\ojdkbuild\lookaside\java-1.8.0-openjdk\hotspot\src\share\vm\runtime\sharedRuntime.cpp, line 615]
Event: 1.105 Thread 0x0000000002fce800 Exception <a 'java/lang/ArrayIndexOutOfBoundsException': 66> (0x0000000743b7d9b0) thrown at [C:\cygwin64\tmp\ojdkbuild\lookaside\java-1.8.0-openjdk\hotspot\src\share\vm\interpreter\interpreterRuntime.cpp, line 371]
Event: 1.865 Thread 0x0000000002fce800 Exception <a 'java/lang/NoClassDefFoundError': com/google/inject/servlet/ServletModuleTargetVisitor> (0x000000074638b0d8) thrown at [C:\cygwin64\tmp\ojdkbuild\lookaside\java-1.8.0-openjdk\hotspot\src\share\vm\classfile\systemDictionary.cpp, line 199]
Event: 1.865 Thread 0x0000000002fce800 Exception <a 'java/lang/NoClassDefFoundError'> (0x000000074638b0d8) thrown at [C:\cygwin64\tmp\ojdkbuild\lookaside\java-1.8.0-openjdk\hotspot\src\share\vm\prims\jvm.cpp, line 1505]
Event: 1.866 Thread 0x0000000002fce800 Exception <a 'java/lang/NoClassDefFoundError': javax/annotation/Priority> (0x000000074638fd38) thrown at [C:\cygwin64\tmp\ojdkbuild\lookaside\java-1.8.0-openjdk\hotspot\src\share\vm\classfile\systemDictionary.cpp, line 199]
Event: 2.060 Thread 0x0000000002fce800 Exception <a 'java/lang/NullPointerException'> (0x000000074696a7e8) thrown at [C:\cygwin64\tmp\ojdkbuild\lookaside\java-1.8.0-openjdk\hotspot\src\share\vm\interpreter\linkResolver.cpp, line 1185]
Event: 2.060 Thread 0x0000000002fce800 Exception <a 'java/lang/NullPointerException'> (0x000000074696aa00) thrown at [C:\cygwin64\tmp\ojdkbuild\lookaside\java-1.8.0-openjdk\hotspot\src\share\vm\interpreter\linkResolver.cpp, line 1185]
Event: 2.060 Thread 0x0000000002fce800 Exception <a 'java/lang/NullPointerException'> (0x000000074696ac18) thrown at [C:\cygwin64\tmp\ojdkbuild\lookaside\java-1.8.0-openjdk\hotspot\src\share\vm\interpreter\linkResolver.cpp, line 1185]
Event: 2.060 Thread 0x0000000002fce800 Exception <a 'java/lang/NullPointerException'> (0x0000000746972bf0) thrown at [C:\cygwin64\tmp\ojdkbuild\lookaside\java-1.8.0-openjdk\hotspot\src\share\vm\interpreter\linkResolver.cpp, line 1185]
Event: 2.060 Thread 0x0000000002fce800 Exception <a 'java/lang/NullPointerException'> (0x0000000746972e08) thrown at [C:\cygwin64\tmp\ojdkbuild\lookaside\java-1.8.0-openjdk\hotspot\src\share\vm\interpreter\linkResolver.cpp, line 1185]
Event: 2.060 Thread 0x0000000002fce800 Exception <a 'java/lang/NullPointerException'> (0x0000000746973020) thrown at [C:\cygwin64\tmp\ojdkbuild\lookaside\java-1.8.0-openjdk\hotspot\src\share\vm\interpreter\linkResolver.cpp, line 1185]

Events (250 events):
Event: 2.193 loading class org/apache/maven/model/interpolation/AbstractStringBasedModelInterpolator$1 done
Event: 2.194 loading class org/apache/maven/model/interpolation/AbstractStringBasedModelInterpolator$2
Event: 2.194 loading class org/apache/maven/model/interpolation/AbstractStringBasedModelInterpolator$2 done
Event: 2.194 loading class org/apache/maven/model/interpolation/BuildTimestampValueSource
Event: 2.194 loading class org/apache/maven/model/interpolation/BuildTimestampValueSource done
Event: 2.194 loading class org/apache/maven/model/interpolation/MavenBuildTimestamp
Event: 2.194 loading class org/apache/maven/model/interpolation/MavenBuildTimestamp done
Event: 2.195 loading class sun/util/resources/ru/CalendarData_ru
Event: 2.195 loading class sun/util/resources/ru/CalendarData_ru done
Event: 2.196 loading class java/text/DontCareFieldPosition
Event: 2.196 loading class java/text/DontCareFieldPosition done
Event: 2.196 loading class java/text/DontCareFieldPosition$1
Event: 2.196 loading class java/text/Format$FieldDelegate
Event: 2.196 loading class java/text/Format$FieldDelegate done
Event: 2.196 loading class java/text/DontCareFieldPosition$1 done
Event: 2.196 loading class org/codehaus/plexus/interpolation/MapBasedValueSource
Event: 2.196 loading class org/codehaus/plexus/interpolation/MapBasedValueSource done
Event: 2.197 loading class org/apache/maven/model/interpolation/AbstractStringBasedModelInterpolator$3
Event: 2.197 loading class org/apache/maven/model/interpolation/AbstractStringBasedModelInterpolator$3 done
Event: 2.197 loading class org/apache/maven/model/interpolation/PathTranslatingPostProcessor
Event: 2.197 loading class org/apache/maven/model/interpolation/PathTranslatingPostProcessor done
Event: 2.198 loading class org/apache/maven/model/interpolation/UrlNormalizingPostProcessor
Event: 2.198 loading class org/apache/maven/model/interpolation/UrlNormalizingPostProcessor done
Event: 2.198 loading class org/codehaus/plexus/interpolation/StringSearchInterpolator
Event: 2.198 loading class org/codehaus/plexus/interpolation/StringSearchInterpolator done
Event: 2.199 loading class org/codehaus/plexus/interpolation/PrefixAwareRecursionInterceptor
Event: 2.199 loading class org/codehaus/plexus/interpolation/PrefixAwareRecursionInterceptor done
Event: 2.200 loading class org/apache/maven/model/interpolation/StringVisitorModelInterpolator$1
Event: 2.200 loading class org/apache/maven/model/interpolation/StringVisitorModelInterpolator$1 done
Event: 2.201 loading class org/apache/maven/model/interpolation/StringVisitorModelInterpolator$ModelVisitor
Event: 2.201 loading class org/apache/maven/model/interpolation/StringVisitorModelInterpolator$ModelVisitor done
Event: 2.203 loading class org/codehaus/plexus/interpolation/util/ValueSourceUtils
Event: 2.203 loading class org/codehaus/plexus/interpolation/util/ValueSourceUtils done
Event: 2.210 loading class org/codehaus/plexus/interpolation/reflection/ReflectionValueExtractor
Event: 2.210 loading class org/codehaus/plexus/interpolation/reflection/ReflectionValueExtractor done
Event: 2.211 loading class org/codehaus/plexus/interpolation/reflection/ReflectionValueExtractor$Tokenizer
Event: 2.211 loading class org/codehaus/plexus/interpolation/reflection/ReflectionValueExtractor$Tokenizer done
Event: 2.211 loading class org/codehaus/plexus/interpolation/reflection/ClassMap
Event: 2.211 loading class org/codehaus/plexus/interpolation/reflection/ClassMap done
Event: 2.212 loading class org/codehaus/plexus/interpolation/reflection/MethodMap$AmbiguousException
Event: 2.212 loading class org/codehaus/plexus/interpolation/reflection/MethodMap$AmbiguousException done
Event: 2.213 loading class org/codehaus/plexus/interpolation/reflection/ClassMap$CacheMiss
Event: 2.213 loading class org/codehaus/plexus/interpolation/reflection/ClassMap$CacheMiss done
Event: 2.216 loading class org/codehaus/plexus/interpolation/reflection/MethodMap
Event: 2.216 loading class org/codehaus/plexus/interpolation/reflection/MethodMap done
Event: 2.217 loading class org/apache/maven/model/MailingList
Event: 2.217 loading class org/apache/maven/model/MailingList done
Event: 2.218 loading class org/apache/maven/model/Prerequisites
Event: 2.218 loading class org/apache/maven/model/Prerequisites done
Event: 2.218 loading class org/apache/maven/model/IssueManagement
Event: 2.218 loading class org/apache/maven/model/IssueManagement done
Event: 2.218 loading class org/apache/maven/model/Organization
Event: 2.218 loading class org/apache/maven/model/Organization done
Event: 2.219 loading class org/apache/maven/model/CiManagement
Event: 2.219 loading class org/apache/maven/model/CiManagement done
Event: 2.220 loading class org/apache/maven/model/DistributionManagement
Event: 2.220 loading class org/apache/maven/model/DistributionManagement done
Event: 2.222 loading class org/codehaus/plexus/interpolation/util/StringUtils
Event: 2.222 loading class org/codehaus/plexus/interpolation/util/StringUtils done
Event: 2.223 loading class org/apache/maven/model/Extension
Event: 2.223 loading class org/apache/maven/model/Extension done
Event: 2.226 loading class org/apache/maven/repository/internal/ArtifactDescriptorUtils
Event: 2.226 loading class org/apache/maven/repository/internal/ArtifactDescriptorUtils done
Event: 2.227 loading class java/util/Collections$SingletonList
Event: 2.227 loading class java/util/Collections$SingletonList done
Event: 2.228 loading class org/apache/maven/artifact/versioning/DefaultArtifactVersion
Event: 2.228 loading class org/apache/maven/artifact/versioning/DefaultArtifactVersion done
Event: 2.230 loading class org/apache/maven/artifact/versioning/ComparableVersion
Event: 2.230 loading class org/apache/maven/artifact/versioning/ComparableVersion done
Event: 2.234 loading class org/apache/maven/artifact/versioning/ComparableVersion$Item
Event: 2.234 loading class org/apache/maven/artifact/versioning/ComparableVersion$Item done
Event: 2.234 loading class org/apache/maven/artifact/versioning/ComparableVersion$ListItem
Event: 2.234 loading class org/apache/maven/artifact/versioning/ComparableVersion$ListItem done
Event: 2.235 Thread 0x0000000002fce800 Uncommon trap: trap_request=0xffffff65 fr.pc=0x000000000375689c
Event: 2.235 Thread 0x0000000002fce800 DEOPT PACKING pc=0x000000000375689c sp=0x00000000031bdbb0
Event: 2.235 Thread 0x0000000002fce800 DEOPT UNPACKING pc=0x000000000330557b sp=0x00000000031bdba0 mode 2
Event: 2.235 loading class org/apache/maven/artifact/versioning/ComparableVersion$IntItem
Event: 2.235 loading class org/apache/maven/artifact/versioning/ComparableVersion$IntItem done
Event: 2.236 loading class org/apache/maven/artifact/versioning/ComparableVersion$StringItem
Event: 2.236 loading class org/apache/maven/artifact/versioning/ComparableVersion$StringItem done
Event: 2.237 loading class org/apache/commons/lang3/math/NumberUtils
Event: 2.237 loading class org/apache/commons/lang3/math/NumberUtils done
Event: 2.238 loading class java/math/BigInteger
Event: 2.239 loading class java/math/BigInteger done
Event: 2.240 loading class java/math/BigDecimal
Event: 2.241 loading class java/math/BigDecimal done
Event: 2.241 loading class java/lang/Long$LongCache
Event: 2.241 loading class java/lang/Long$LongCache done
Event: 2.242 loading class java/lang/Short$ShortCache
Event: 2.242 loading class java/lang/Short$ShortCache done
Event: 2.243 loading class java/lang/Byte$ByteCache
Event: 2.243 loading class java/lang/Byte$ByteCache done
Event: 2.245 loading class org/apache/maven/artifact/DefaultArtifact
Event: 2.245 loading class org/apache/maven/artifact/DefaultArtifact done
Event: 2.247 loading class org/apache/maven/artifact/ArtifactUtils
Event: 2.247 loading class org/apache/maven/artifact/ArtifactUtils done
Event: 2.248 loading class org/apache/maven/project/DefaultProjectBuilder$1
Event: 2.248 loading class org/apache/maven/project/DefaultProjectBuilder$1 done
Event: 2.249 loading class org/apache/maven/project/DefaultProjectBuilder$InterimResult
Event: 2.249 loading class org/apache/maven/project/DefaultProjectBuilder$InterimResult done
Event: 2.291 loading class org/apache/maven/artifact/versioning/Restriction
Event: 2.291 loading class org/apache/maven/artifact/versioning/Restriction done
Event: 2.294 Thread 0x0000000002fce800 Uncommon trap: trap_request=0xffffff65 fr.pc=0x0000000003519944
Event: 2.294 Thread 0x0000000002fce800 DEOPT PACKING pc=0x0000000003519944 sp=0x00000000031bde60
Event: 2.294 Thread 0x0000000002fce800 DEOPT UNPACKING pc=0x000000000330557b sp=0x00000000031bddf0 mode 2
Event: 2.294 Thread 0x0000000002fce800 Uncommon trap: trap_request=0xffffff65 fr.pc=0x00000000034c4504
Event: 2.294 Thread 0x0000000002fce800 DEOPT PACKING pc=0x00000000034c4504 sp=0x00000000031bde00
Event: 2.294 Thread 0x0000000002fce800 DEOPT UNPACKING pc=0x000000000330557b sp=0x00000000031bddf0 mode 2
Event: 2.305 loading class org/apache/commons/lang3/Validate
Event: 2.305 loading class org/apache/commons/lang3/Validate done
Event: 2.307 loading class org/apache/maven/model/building/ModelBuildingEventCatapult$1
Event: 2.307 loading class org/apache/maven/model/building/ModelBuildingEventCatapult$1 done
Event: 2.308 loading class org/apache/maven/model/building/DefaultModelBuildingEvent
Event: 2.308 loading class org/apache/maven/model/building/DefaultModelBuildingEvent done
Event: 2.310 loading class org/apache/maven/lifecycle/mapping/Lifecycle
Event: 2.310 loading class org/apache/maven/lifecycle/mapping/Lifecycle done
Event: 2.313 loading class org/apache/maven/lifecycle/mapping/LifecycleMojo
Event: 2.313 loading class org/apache/maven/lifecycle/mapping/LifecycleMojo done
Event: 2.316 loading class org/apache/maven/lifecycle/internal/DefaultLifecyclePluginAnalyzer$1
Event: 2.316 loading class org/apache/maven/lifecycle/internal/DefaultLifecyclePluginAnalyzer$1 done
Event: 2.322 Thread 0x0000000002fce800 Uncommon trap: trap_request=0xffffff65 fr.pc=0x00000000035d103c
Event: 2.322 Thread 0x0000000002fce800 DEOPT PACKING pc=0x00000000035d103c sp=0x00000000031bdc60
Event: 2.322 Thread 0x0000000002fce800 DEOPT UNPACKING pc=0x000000000330557b sp=0x00000000031bdbc0 mode 2
Event: 2.363 Thread 0x0000000002fce800 Uncommon trap: trap_request=0xfffffff4 fr.pc=0x00000000038b8cd4
Event: 2.363 Thread 0x0000000002fce800 DEOPT PACKING pc=0x00000000038b8cd4 sp=0x00000000031bdbf0
Event: 2.363 Thread 0x0000000002fce800 DEOPT UNPACKING pc=0x000000000330557b sp=0x00000000031bdbd0 mode 2
Event: 2.390 Thread 0x0000000002fce800 Uncommon trap: trap_request=0xffffff65 fr.pc=0x0000000003893734
Event: 2.390 Thread 0x0000000002fce800 DEOPT PACKING pc=0x0000000003893734 sp=0x00000000031bdba0
Event: 2.390 Thread 0x0000000002fce800 DEOPT UNPACKING pc=0x000000000330557b sp=0x00000000031bdb60 mode 2
Event: 2.395 Thread 0x0000000002fce800 Uncommon trap: trap_request=0xffffff65 fr.pc=0x00000000035092bc
Event: 2.395 Thread 0x0000000002fce800 DEOPT PACKING pc=0x00000000035092bc sp=0x00000000031bd9a0
Event: 2.395 Thread 0x0000000002fce800 DEOPT UNPACKING pc=0x000000000330557b sp=0x00000000031bd8f8 mode 2
Event: 2.396 Thread 0x0000000002fce800 Uncommon trap: trap_request=0xffffff65 fr.pc=0x00000000035828d0
Event: 2.396 Thread 0x0000000002fce800 DEOPT PACKING pc=0x00000000035828d0 sp=0x00000000031bdb30
Event: 2.396 Thread 0x0000000002fce800 DEOPT UNPACKING pc=0x000000000330557b sp=0x00000000031bda78 mode 2
Event: 2.426 Thread 0x0000000002fce800 Uncommon trap: trap_request=0xffffff65 fr.pc=0x00000000038c6b34
Event: 2.426 Thread 0x0000000002fce800 DEOPT PACKING pc=0x00000000038c6b34 sp=0x00000000031bdae0
Event: 2.426 Thread 0x0000000002fce800 DEOPT UNPACKING pc=0x000000000330557b sp=0x00000000031bda40 mode 2
Event: 2.443 loading class org/apache/maven/model/Site
Event: 2.443 loading class org/apache/maven/model/Site done
Event: 2.476 Thread 0x0000000002fce800 DEOPT PACKING pc=0x00000000038e27cb sp=0x00000000031bd9f0
Event: 2.476 Thread 0x0000000002fce800 DEOPT UNPACKING pc=0x00000000033075d0 sp=0x00000000031bd7f0 mode 0
Event: 2.485 Thread 0x0000000002fce800 DEOPT PACKING pc=0x00000000038e27cb sp=0x00000000031bd9f0
Event: 2.485 Thread 0x0000000002fce800 DEOPT UNPACKING pc=0x00000000033075d0 sp=0x00000000031bd7f0 mode 0
Event: 2.495 Thread 0x0000000002fce800 DEOPT PACKING pc=0x00000000038e27cb sp=0x00000000031bd9f0
Event: 2.495 Thread 0x0000000002fce800 DEOPT UNPACKING pc=0x00000000033075d0 sp=0x00000000031bd7f0 mode 0
Event: 2.500 Thread 0x0000000002fce800 Uncommon trap: trap_request=0xffffff65 fr.pc=0x000000000391edc4
Event: 2.500 Thread 0x0000000002fce800 DEOPT PACKING pc=0x000000000391edc4 sp=0x00000000031be010
Event: 2.500 Thread 0x0000000002fce800 DEOPT UNPACKING pc=0x000000000330557b sp=0x00000000031bdfb0 mode 2
Event: 2.505 Thread 0x0000000002fce800 DEOPT PACKING pc=0x00000000038e27cb sp=0x00000000031bd870
Event: 2.505 Thread 0x0000000002fce800 DEOPT UNPACKING pc=0x00000000033075d0 sp=0x00000000031bd670 mode 0
Event: 2.535 loading class org/apache/maven/project/DefaultProjectBuildingResult
Event: 2.535 loading class org/apache/maven/project/DefaultProjectBuildingResult done
Event: 2.545 Executing VM operation: ForceSafepoint
Event: 2.545 Executing VM operation: ForceSafepoint done
Event: 2.551 loading class org/apache/maven/graph/DefaultProjectDependencyGraph
Event: 2.551 loading class org/apache/maven/graph/DefaultProjectDependencyGraph done
Event: 2.552 loading class org/apache/maven/project/ProjectSorter
Event: 2.552 loading class org/apache/maven/project/ProjectSorter done
Event: 2.553 loading class org/codehaus/plexus/util/dag/DAG
Event: 2.553 loading class org/codehaus/plexus/util/dag/DAG done
Event: 2.554 loading class org/codehaus/plexus/util/dag/Vertex
Event: 2.554 loading class org/codehaus/plexus/util/dag/Vertex done
Event: 2.555 loading class org/codehaus/plexus/util/dag/CycleDetector
Event: 2.555 loading class org/codehaus/plexus/util/dag/CycleDetector done
Event: 2.555 Executing VM operation: ParallelGCFailedAllocation
Event: 2.582 Executing VM operation: ParallelGCFailedAllocation done
Event: 2.586 Thread 0x000000002253a800 Uncommon trap: trap_request=0xffffff65 fr.pc=0x000000000380692c
Event: 2.586 Thread 0x000000002253a800 DEOPT PACKING pc=0x000000000380692c sp=0x000000002395f050
Event: 2.586 Thread 0x000000002253a800 DEOPT UNPACKING pc=0x000000000330557b sp=0x000000002395ef48 mode 2
Event: 2.586 Thread 0x000000002253a800 Uncommon trap: trap_request=0xffffff65 fr.pc=0x00000000037ac254
Event: 2.586 Thread 0x000000002253a800 DEOPT PACKING pc=0x00000000037ac254 sp=0x000000002395efa0
Event: 2.586 Thread 0x000000002253a800 DEOPT UNPACKING pc=0x000000000330557b sp=0x000000002395ef38 mode 2
Event: 2.588 loading class org/codehaus/plexus/util/dag/TopologicalSorter
Event: 2.588 loading class org/codehaus/plexus/util/dag/TopologicalSorter done
Event: 2.589 loading class java/util/LinkedList$ListItr
Event: 2.589 loading class java/util/LinkedList$ListItr done
Event: 2.590 loading class org/eclipse/aether/util/repository/ChainedWorkspaceReader
Event: 2.590 loading class org/eclipse/aether/util/repository/ChainedWorkspaceReader done
Event: 2.593 loading class org/slf4j/helpers/MessageFormatter
Event: 2.593 loading class org/slf4j/helpers/MessageFormatter done
Event: 2.594 loading class org/slf4j/helpers/FormattingTuple
Event: 2.594 loading class org/slf4j/helpers/FormattingTuple done
Event: 2.604 loading class org/apache/maven/plugin/prefix/DefaultPluginPrefixRequest
Event: 2.604 loading class org/apache/maven/plugin/prefix/DefaultPluginPrefixRequest done
Event: 2.605 loading class org/apache/maven/plugin/DefaultPluginDescriptorCache$CacheKey
Event: 2.605 loading class org/apache/maven/plugin/DefaultPluginDescriptorCache$CacheKey done
Event: 2.611 loading class org/apache/maven/repository/internal/DefaultModelCache
Event: 2.611 loading class org/apache/maven/repository/internal/DefaultModelCache done
Event: 2.612 loading class org/apache/maven/repository/internal/DefaultModelResolver
Event: 2.612 loading class org/apache/maven/repository/internal/DefaultModelResolver done
Event: 2.613 loading class org/apache/maven/model/io/xpp3/MavenXpp3Reader
Event: 2.613 loading class org/apache/maven/model/io/xpp3/MavenXpp3Reader done
Event: 2.615 loading class org/apache/maven/model/io/xpp3/MavenXpp3Reader$ContentTransformer
Event: 2.615 loading class org/apache/maven/model/io/xpp3/MavenXpp3Reader$ContentTransformer done
Event: 2.618 loading class org/apache/maven/model/io/xpp3/MavenXpp3Reader$1
Event: 2.618 loading class org/apache/maven/model/io/xpp3/MavenXpp3Reader$1 done
Event: 2.620 loading class org/apache/maven/repository/internal/DefaultModelCache$Key
Event: 2.620 loading class org/apache/maven/repository/internal/DefaultModelCache$Key done
Event: 2.629 Thread 0x0000000002fce800 DEOPT PACKING pc=0x00000000038d808a sp=0x00000000031bd470
Event: 2.629 Thread 0x0000000002fce800 DEOPT UNPACKING pc=0x00000000033075d0 sp=0x00000000031bd2f0 mode 0
Event: 2.639 loading class org/apache/maven/model/Notifier
Event: 2.639 loading class org/apache/maven/model/Notifier done
Event: 2.644 Thread 0x0000000002fce800 DEOPT PACKING pc=0x00000000038d808a sp=0x00000000031bd470
Event: 2.644 Thread 0x0000000002fce800 DEOPT UNPACKING pc=0x00000000033075d0 sp=0x00000000031bd2f0 mode 0
Event: 2.648 loading class org/apache/maven/repository/internal/ArtifactDescriptorReaderDelegate
Event: 2.648 loading class org/apache/maven/repository/internal/ArtifactDescriptorReaderDelegate done
Event: 2.650 loading class org/eclipse/aether/graph/Dependency$Exclusions
Event: 2.650 loading class org/eclipse/aether/graph/Dependency$Exclusions done
Event: 2.653 loading class org/codehaus/plexus/configuration/xml/XmlPlexusConfiguration
Event: 2.653 loading class org/codehaus/plexus/configuration/xml/XmlPlexusConfiguration done
Event: 2.654 loading class org/codehaus/plexus/configuration/DefaultPlexusConfiguration
Event: 2.654 loading class org/codehaus/plexus/configuration/DefaultPlexusConfiguration done
Event: 2.655 Thread 0x0000000002fce800 Uncommon trap: trap_request=0xffffff65 fr.pc=0x0000000003914b70
Event: 2.655 Thread 0x0000000002fce800 DEOPT PACKING pc=0x0000000003914b70 sp=0x00000000031bde10
Event: 2.655 Thread 0x0000000002fce800 DEOPT UNPACKING pc=0x000000000330557b sp=0x00000000031bdd68 mode 2
Event: 2.659 loading class org/apache/maven/plugin/descriptor/DuplicateParameterException
Event: 2.659 loading class org/apache/maven/plugin/descriptor/DuplicateParameterException done
Event: 2.659 loading class org/apache/maven/plugin/descriptor/Parameter
Event: 2.659 loading class org/apache/maven/plugin/descriptor/Parameter done
Event: 2.660 loading class org/codehaus/plexus/component/repository/ComponentDependency
Event: 2.660 loading class org/codehaus/plexus/component/repository/ComponentDependency done
Event: 2.661 loading class org/apache/maven/plugin/MavenPluginValidator
Event: 2.661 loading class org/apache/maven/plugin/MavenPluginValidator done
Event: 2.692 loading class org/apache/maven/model/ActivationFile
Event: 2.692 loading class org/apache/maven/model/ActivationFile done
Event: 2.708 Thread 0x0000000002fce800 Uncommon trap: trap_request=0xfffffff4 fr.pc=0x000000000399c220
Event: 2.708 Thread 0x0000000002fce800 DEOPT PACKING pc=0x000000000399c220 sp=0x00000000031bda20
Event: 2.708 Thread 0x0000000002fce800 DEOPT UNPACKING pc=0x000000000330557b sp=0x00000000031bd9e0 mode 2
Event: 2.713 loading class org/apache/maven/model/merge/ModelMerger$NotifierKeyComputer
Event: 2.713 loading class org/apache/maven/model/merge/ModelMerger$NotifierKeyComputer done
Event: 2.721 loading class org/codehaus/plexus/component/repository/ComponentRequirement
Event: 2.721 loading class org/codehaus/plexus/component/repository/ComponentRequirement done
Event: 2.765 Thread 0x0000000002fce800 Uncommon trap: trap_request=0xffffff65 fr.pc=0x00000000039bfa48
Event: 2.765 Thread 0x0000000002fce800 DEOPT PACKING pc=0x00000000039bfa48 sp=0x00000000031bdd70
Event: 2.765 Thread 0x0000000002fce800 DEOPT UNPACKING pc=0x000000000330557b sp=0x00000000031bdcd8 mode 2
Event: 2.783 Thread 0x0000000002fce800 DEOPT PACKING pc=0x00000000038ea11a sp=0x00000000031bd840
Event: 2.783 Thread 0x0000000002fce800 DEOPT UNPACKING pc=0x00000000033075d0 sp=0x00000000031bd5e0 mode 0
Event: 2.785 Thread 0x0000000002fce800 Uncommon trap: trap_request=0xffffffde fr.pc=0x000000000385c300
Event: 2.785 Thread 0x0000000002fce800 DEOPT PACKING pc=0x000000000385c300 sp=0x00000000031bda40
Event: 2.785 Thread 0x0000000002fce800 DEOPT UNPACKING pc=0x000000000330557b sp=0x00000000031bd9a8 mode 2
Event: 2.785 Thread 0x0000000002fce800 Uncommon trap: trap_request=0xffffffde fr.pc=0x000000000385c300
Event: 2.785 Thread 0x0000000002fce800 DEOPT PACKING pc=0x000000000385c300 sp=0x00000000031bda40
Event: 2.785 Thread 0x0000000002fce800 DEOPT UNPACKING pc=0x000000000330557b sp=0x00000000031bd9a8 mode 2
Event: 2.785 Thread 0x0000000002fce800 Uncommon trap: trap_request=0xffffffde fr.pc=0x000000000385c300
Event: 2.785 Thread 0x0000000002fce800 DEOPT PACKING pc=0x000000000385c300 sp=0x00000000031bda40
Event: 2.785 Thread 0x0000000002fce800 DEOPT UNPACKING pc=0x000000000330557b sp=0x00000000031bd9a8 mode 2
Event: 2.785 Thread 0x0000000002fce800 Uncommon trap: trap_request=0xffffffde fr.pc=0x000000000385c300
Event: 2.785 Thread 0x0000000002fce800 DEOPT PACKING pc=0x000000000385c300 sp=0x00000000031bda40
Event: 2.785 Thread 0x0000000002fce800 DEOPT UNPACKING pc=0x000000000330557b sp=0x00000000031bd9a8 mode 2


Dynamic libraries:
0x00007ff7145d0000 - 0x00007ff71465b000 	C:\Program Files\Java\java-1.8.0-openjdk-1.8.0.242-3\jre\bin\java.exe
0x00007ff923080000 - 0x00007ff923270000 	C:\Windows\SYSTEM32\ntdll.dll
0x00007ff921810000 - 0x00007ff9218c2000 	C:\Windows\System32\KERNEL32.DLL
0x00007ff9206a0000 - 0x00007ff920944000 	C:\Windows\System32\KERNELBASE.dll
0x0000000065010000 - 0x00000000650a3000 	C:\Windows\System32\SYSFER.DLL
0x00007ff922130000 - 0x00007ff9221d3000 	C:\Windows\System32\ADVAPI32.dll
0x00007ff922250000 - 0x00007ff9222ee000 	C:\Windows\System32\msvcrt.dll
0x00007ff922c10000 - 0x00007ff922ca7000 	C:\Windows\System32\sechost.dll
0x00007ff9222f0000 - 0x00007ff922410000 	C:\Windows\System32\RPCRT4.dll
0x00007ff922a00000 - 0x00007ff922b94000 	C:\Windows\System32\USER32.dll
0x00007ff9202f0000 - 0x00007ff920311000 	C:\Windows\System32\win32u.dll
0x00007ff922420000 - 0x00007ff922446000 	C:\Windows\System32\GDI32.dll
0x00007ff920030000 - 0x00007ff9201c4000 	C:\Windows\System32\gdi32full.dll
0x00007ff920250000 - 0x00007ff9202ee000 	C:\Windows\System32\msvcp_win.dll
0x00007ff920470000 - 0x00007ff92056a000 	C:\Windows\System32\ucrtbase.dll
0x00007ff912e90000 - 0x00007ff913114000 	C:\Windows\WinSxS\amd64_microsoft.windows.common-controls_6595b64144ccf1df_6.0.18362.836_none_e6c4b943130f18ed\COMCTL32.dll
0x00007ff921210000 - 0x00007ff921546000 	C:\Windows\System32\combase.dll
0x00007ff920620000 - 0x00007ff9206a0000 	C:\Windows\System32\bcryptPrimitives.dll
0x00007ff921710000 - 0x00007ff92173e000 	C:\Windows\System32\IMM32.DLL
0x0000000064c70000 - 0x0000000064d42000 	C:\Program Files\Java\java-1.8.0-openjdk-1.8.0.242-3\jre\bin\msvcr100.dll
0x00000000643a0000 - 0x0000000064c65000 	C:\Program Files\Java\java-1.8.0-openjdk-1.8.0.242-3\jre\bin\server\jvm.dll
0x00007ff922410000 - 0x00007ff922418000 	C:\Windows\System32\PSAPI.DLL
0x00007ff907f80000 - 0x00007ff907f89000 	C:\Windows\SYSTEM32\WSOCK32.dll
0x00007ff922ba0000 - 0x00007ff922c0f000 	C:\Windows\System32\WS2_32.dll
0x00007ff91cef0000 - 0x00007ff91cf14000 	C:\Windows\SYSTEM32\WINMM.dll
0x00007ff9156d0000 - 0x00007ff9156da000 	C:\Windows\SYSTEM32\VERSION.dll
0x00007ff91cec0000 - 0x00007ff91ceed000 	C:\Windows\SYSTEM32\WINMMBASE.dll
0x00007ff9201d0000 - 0x00007ff92021a000 	C:\Windows\System32\cfgmgr32.dll
0x00007ff8fb380000 - 0x00007ff8fb38f000 	C:\Program Files\Java\java-1.8.0-openjdk-1.8.0.242-3\jre\bin\verify.dll
0x00007ff8d8990000 - 0x00007ff8d89b9000 	C:\Program Files\Java\java-1.8.0-openjdk-1.8.0.242-3\jre\bin\java.dll
0x00007ff8d8970000 - 0x00007ff8d8986000 	C:\Program Files\Java\java-1.8.0-openjdk-1.8.0.242-3\jre\bin\zip.dll
0x00007ff921a40000 - 0x00007ff922124000 	C:\Windows\System32\SHELL32.dll
0x00007ff922e60000 - 0x00007ff922f09000 	C:\Windows\System32\shcore.dll
0x00007ff920950000 - 0x00007ff9210ce000 	C:\Windows\System32\windows.storage.dll
0x00007ff91ffc0000 - 0x00007ff91ffe3000 	C:\Windows\System32\profapi.dll
0x00007ff91ff70000 - 0x00007ff91ffba000 	C:\Windows\System32\powrprof.dll
0x00007ff91ff40000 - 0x00007ff91ff50000 	C:\Windows\System32\UMPDC.dll
0x00007ff922f10000 - 0x00007ff922f62000 	C:\Windows\System32\shlwapi.dll
0x00007ff91fff0000 - 0x00007ff920001000 	C:\Windows\System32\kernel.appcore.dll
0x00007ff920010000 - 0x00007ff920027000 	C:\Windows\System32\cryptsp.dll
0x00007ff8fafa0000 - 0x00007ff8fafaa000 	D:\Dev\apache-maven-3.6.3\lib\jansi-native\windows64\jansi.dll
0x00007ff8d8690000 - 0x00007ff8d86aa000 	C:\Program Files\Java\java-1.8.0-openjdk-1.8.0.242-3\jre\bin\net.dll
0x00007ff91f750000 - 0x00007ff91f7b7000 	C:\Windows\system32\mswsock.dll
0x00007ff8d8670000 - 0x00007ff8d8681000 	C:\Program Files\Java\java-1.8.0-openjdk-1.8.0.242-3\jre\bin\nio.dll
0x00007ff91e6b0000 - 0x00007ff91e8a4000 	C:\Windows\SYSTEM32\dbghelp.dll

VM Arguments:
jvm_args: -Dclassworlds.conf=D:\Dev\apache-maven-3.6.3\bin\..\bin\m2.conf -Dmaven.home=D:\Dev\apache-maven-3.6.3\bin\.. -Dlibrary.jansi.path=D:\Dev\apache-maven-3.6.3\bin\..\lib\jansi-native -Dmaven.multiModuleProjectDirectory=d:\Project\IBM\DEV\bfg-ui\bfg-main 
java_command: org.codehaus.plexus.classworlds.launcher.Launcher help:effective-pom -Doutput=c:\Users\IPinchuk\AppData\Roaming\Code\User\workspaceStorage\dad6965fa057b5f1bcedb3ee69f375c5\vscjava.vscode-maven\56c1714e36211b4e229415522124d3c6 -f d:\Project\IBM\DEV\bfg-ui\bfg-main\pom.xml
java_class_path (initial): D:\Dev\apache-maven-3.6.3\bin\..\boot\plexus-classworlds-2.6.0.jar
Launcher Type: SUN_STANDARD

Environment Variables:
JAVA_HOME=C:\Program Files\Java\java-1.8.0-openjdk-1.8.0.242-3\jre
PATH=C:\Python38\Scripts\;C:\Python38\;C:\Program Files\Java\java-1.8.0-openjdk-1.8.0.242-3\jre\bin;C:\Program Files (x86)\PuTTY\;C:\ProgramData\chocolatey\bin;C:\Program Files\nodejs;C:\Program Files\Git\cmd;C:\Program Files\Git\bin\git.exe;D:\Dev\apache-maven-3.6.3\bin;C:\Windows\system32;C:\Users\IPinchuk\AppData\Local\Microsoft\WindowsApps;C:\Users\IPinchuk\AppData\Roaming\npm;D:\Dev\IDE\Microsoft VS Code\bin;C:\Users\IPinchuk\AppData\Local\GitHubDesktop\bin;D:\Dev\IDE\IntelliJ IDEA Community Edition 2020.1.1\bin;
USERNAME=IPinchuk
OS=Windows_NT
PROCESSOR_IDENTIFIER=Intel64 Family 6 Model 58 Stepping 9, GenuineIntel



---------------  S Y S T E M  ---------------

OS: Windows 10.0 , 64 bit Build 18362 (10.0.18362.778)

CPU:total 8 (initial active 8) (4 cores per cpu, 2 threads per core) family 6 model 58 stepping 9, cmov, cx8, fxsr, mmx, sse, sse2, sse3, ssse3, sse4.1, sse4.2, popcnt, avx, aes, clmul, erms, ht, tsc, tscinvbit, tscinv

Memory: 4k page, physical 24837412k(19540816k free), swap 28507428k(22631780k free)

vm_info: OpenJDK 64-Bit Server VM (25.242-b08) for windows-amd64 JRE (1.8.0_242-b08), built on Jan 18 2020 12:50:42 by "build" with MS VC++ 10.0 (VS2010)

time: Fri May 22 10:33:42 2020
timezone: Belarus Standard Time
elapsed time: 3 seconds (0d 0h 0m 3s)

